2001.02.06 22:02 B f:\eggdrop\webseen.mod\templates\webseen\default_skin.conf --> broken.eggheads.org /home/gquann/eggdrop/templates/webseen default_skin.conf
2001.02.07 18:01 B f:\eggdrop\webseen.mod\templates\webseen\default_skin.conf --> broken.eggheads.org /home/gquann/eggdrop/templates/webseen default_skin.conf
2001.02.07 18:01 B f:\eggdrop\webseen.mod\templates\webseen\puristic_skin.conf --> broken.eggheads.org /home/gquann/eggdrop/templates/webseen puristic_skin.conf
2001.02.07 18:01 B f:\eggdrop\webseen.mod\templates\webseen\WS_FTP.LOG --> broken.eggheads.org /home/gquann/eggdrop/templates/webseen WS_FTP.LOG
2001.02.07 18:12 B f:\eggdrop\webseen.mod\templates\webseen\default_skin.conf --> broken.eggheads.org /home/gquann/eggdrop/templates/webseen default_skin.conf
2001.02.07 18:13 B f:\eggdrop\webseen.mod\templates\webseen\puristic_skin.conf --> broken.eggheads.org /home/gquann/eggdrop/templates/webseen puristic_skin.conf
2001.02.08 17:54 B f:\eggdrop\webseen.mod\templates\webseen\default_skin.conf --> broken.eggheads.org /home/gquann/eggdrop/templates/webseen default_skin.conf
2001.02.08 17:54 B f:\eggdrop\webseen.mod\templates\webseen\puristic_skin.conf --> broken.eggheads.org /home/gquann/eggdrop/templates/webseen puristic_skin.conf
2001.02.12 18:36 B f:\eggdrop\webseen.mod\templates\webseen\puristic_skin.conf --> broken.eggheads.org /home/gquann/eggdrop/templates/webseen puristic_skin.conf
2001.02.12 18:38 B f:\eggdrop\webseen.mod\templates\webseen\default_skin.conf --> broken.eggheads.org /home/gquann/eggdrop/templates/webseen default_skin.conf
2001.02.12 18:40 B f:\eggdrop\webseen.mod\templates\webseen\default_skin.conf --> broken.eggheads.org /home/gquann/eggdrop/templates/webseen default_skin.conf
2001.02.12 18:40 B f:\eggdrop\webseen.mod\templates\webseen\puristic_skin.conf --> broken.eggheads.org /home/gquann/eggdrop/templates/webseen puristic_skin.conf
2001.02.12 18:41 B f:\eggdrop\webseen.mod\templates\webseen\puristic_skin.conf --> broken.eggheads.org /home/gquann/eggdrop/templates/webseen puristic_skin.conf
2001.02.15 21:28 B f:\eggdrop\webseen.mod\templates\webseen\default_skin.conf --> broken.eggheads.org /home/gquann/eggdrop/templates/webseen default_skin.conf
2001.02.15 21:28 B f:\eggdrop\webseen.mod\templates\webseen\puristic_skin.conf --> broken.eggheads.org /home/gquann/eggdrop/templates/webseen puristic_skin.conf
2001.02.15 21:54 B f:\eggdrop\webseen.mod\templates\webseen\puristic_skin.conf --> broken.eggheads.org /home/gquann/eggdrop/templates/webseen puristic_skin.conf
2001.02.15 21:55 B f:\eggdrop\webseen.mod\templates\webseen\default_skin.conf --> broken.eggheads.org /home/gquann/eggdrop/templates/webseen default_skin.conf
2001.02.15 21:55 B f:\eggdrop\webseen.mod\templates\webseen\puristic_skin.conf --> broken.eggheads.org /home/gquann/eggdrop/templates/webseen puristic_skin.conf
2001.02.15 22:39 B f:\eggdrop\webseen.mod\templates\webseen\default_skin.conf --> broken.eggheads.org /home/gquann/eggdev1.6/src/mod/webseen.mod/templates/webseen default_skin.conf
2001.02.15 22:39 B f:\eggdrop\webseen.mod\templates\webseen\puristic_skin.conf --> broken.eggheads.org /home/gquann/eggdev1.6/src/mod/webseen.mod/templates/webseen puristic_skin.conf
2001.02.15 22:39 B f:\eggdrop\webseen.mod\templates\webseen\WS_FTP.LOG --> broken.eggheads.org /home/gquann/eggdev1.6/src/mod/webseen.mod/templates/webseen WS_FTP.LOG
