2001.01.06 17:50 B f:\eggdrop\webseen.mod\httpd.c --> broken.eggheads.org /home/gquann/eggdev1.6/src/mod/webseen.mod httpd.c
2001.01.06 17:50 B f:\eggdrop\webseen.mod\webseen.c --> broken.eggheads.org /home/gquann/eggdev1.6/src/mod/webseen.mod webseen.c
2001.01.06 17:50 B f:\eggdrop\webseen.mod\Makefile --> broken.eggheads.org /home/gquann/eggdev1.6/src/mod/webseen.mod Makefile
2001.01.06 17:50 B f:\eggdrop\webseen.mod\wstcl.c --> broken.eggheads.org /home/gquann/eggdev1.6/src/mod/webseen.mod wstcl.c
2001.01.06 17:50 B f:\eggdrop\webseen.mod\templates.c --> broken.eggheads.org /home/gquann/eggdev1.6/src/mod/webseen.mod templates.c
2001.01.06 17:50 B f:\eggdrop\webseen.mod\test.html --> broken.eggheads.org /home/gquann/eggdev1.6/src/mod/webseen.mod test.html
2001.01.06 17:50 B f:\eggdrop\webseen.mod\webseen.h --> broken.eggheads.org /home/gquann/eggdev1.6/src/mod/webseen.mod webseen.h
2001.01.06 17:54 B f:\eggdrop\webseen.mod\webseen.c --> broken.eggheads.org /home/gquann/eggdev1.6/src/mod/webseen.mod webseen.c
2001.01.06 17:55 B f:\eggdrop\webseen.mod\templates.c --> broken.eggheads.org /home/gquann/eggdev1.6/src/mod/webseen.mod templates.c
2001.01.06 17:55 B f:\eggdrop\webseen.mod\httpd.c --> broken.eggheads.org /home/gquann/eggdev1.6/src/mod/webseen.mod httpd.c
2001.01.06 17:57 B f:\eggdrop\webseen.mod\templates.c --> broken.eggheads.org /home/gquann/eggdev1.6/src/mod/webseen.mod templates.c
2001.01.06 17:57 B f:\eggdrop\webseen.mod\webseen.c --> broken.eggheads.org /home/gquann/eggdev1.6/src/mod/webseen.mod webseen.c
2001.01.06 17:57 B f:\eggdrop\webseen.mod\templates.c --> broken.eggheads.org /home/gquann/eggdev1.6/src/mod/webseen.mod templates.c
2001.01.06 17:57 B f:\eggdrop\webseen.mod\httpd.c --> broken.eggheads.org /home/gquann/eggdev1.6/src/mod/webseen.mod httpd.c
2001.01.06 17:57 B f:\eggdrop\webseen.mod\WS_FTP.LOG --> broken.eggheads.org /home/gquann/eggdev1.6/src/mod/webseen.mod WS_FTP.LOG
2001.01.06 17:57 B f:\eggdrop\webseen.mod\Makefile --> broken.eggheads.org /home/gquann/eggdev1.6/src/mod/webseen.mod Makefile
2001.01.06 17:57 B f:\eggdrop\webseen.mod\wstcl.c --> broken.eggheads.org /home/gquann/eggdev1.6/src/mod/webseen.mod wstcl.c
2001.01.06 17:58 B f:\eggdrop\webseen.mod\test.html --> broken.eggheads.org /home/gquann/eggdev1.6/src/mod/webseen.mod test.html
2001.01.06 17:58 B f:\eggdrop\webseen.mod\webseen.h --> broken.eggheads.org /home/gquann/eggdev1.6/src/mod/webseen.mod webseen.h
2001.01.06 18:00 B f:\eggdrop\webseen.mod\templates.c --> broken.eggheads.org /home/gquann/eggdev1.6/src/mod/webseen.mod templates.c
2001.01.06 18:00 B f:\eggdrop\webseen.mod\webseen.c --> broken.eggheads.org /home/gquann/eggdev1.6/src/mod/webseen.mod webseen.c
2001.01.06 18:02 B f:\eggdrop\webseen.mod\templates.c --> broken.eggheads.org /home/gquann/eggdev1.6/src/mod/webseen.mod templates.c
2001.01.06 18:03 B f:\eggdrop\webseen.mod\templates.c --> broken.eggheads.org /home/gquann/eggdev1.6/src/mod/webseen.mod templates.c
2001.01.06 18:03 B f:\eggdrop\webseen.mod\templates.c --> broken.eggheads.org /home/gquann/eggdev1.6/src/mod/webseen.mod templates.c
2001.01.06 18:05 B f:\eggdrop\webseen.mod\templates.c --> broken.eggheads.org /home/gquann/eggdev1.6/src/mod/webseen.mod templates.c
2001.01.06 18:06 B f:\eggdrop\webseen.mod\httpd.c --> broken.eggheads.org /home/gquann/eggdev1.6/src/mod/webseen.mod httpd.c
2001.01.06 18:07 B f:\eggdrop\webseen.mod\wstcl.c --> broken.eggheads.org /home/gquann/eggdev1.6/src/mod/webseen.mod wstcl.c
2001.01.06 18:07 B f:\eggdrop\webseen.mod\httpd.c --> broken.eggheads.org /home/gquann/eggdev1.6/src/mod/webseen.mod httpd.c
2001.01.06 18:12 B f:\eggdrop\webseen.mod\templates.c --> broken.eggheads.org /home/gquann/eggdev1.6/src/mod/webseen.mod templates.c
2001.01.06 18:14 B f:\eggdrop\webseen.mod\templates.c --> broken.eggheads.org /home/gquann/eggdev1.6/src/mod/webseen.mod templates.c
2001.01.06 18:14 B f:\eggdrop\webseen.mod\wstcl.c --> broken.eggheads.org /home/gquann/eggdev1.6/src/mod/webseen.mod wstcl.c
2001.01.06 18:22 B f:\eggdrop\webseen.mod\templates.c --> broken.eggheads.org /home/gquann/eggdev1.6/src/mod/webseen.mod templates.c
2001.01.06 18:27 B f:\eggdrop\webseen.mod\templates.c --> broken.eggheads.org /home/gquann/eggdev1.6/src/mod/webseen.mod templates.c
2001.01.06 18:32 B f:\eggdrop\webseen.mod\templates.c --> broken.eggheads.org /home/gquann/eggdev1.6/src/mod/webseen.mod templates.c
2001.01.08 21:01 B f:\eggdrop\webseen.mod\httpd.c --> broken.eggheads.org /home/gquann/eggdev1.6/src/mod/webseen.mod httpd.c
2001.01.08 21:01 B f:\eggdrop\webseen.mod\templates.c --> broken.eggheads.org /home/gquann/eggdev1.6/src/mod/webseen.mod templates.c
2001.01.08 21:01 B f:\eggdrop\webseen.mod\webseen.c --> broken.eggheads.org /home/gquann/eggdev1.6/src/mod/webseen.mod webseen.c
2001.01.08 21:01 B f:\eggdrop\webseen.mod\WS_FTP.LOG --> broken.eggheads.org /home/gquann/eggdev1.6/src/mod/webseen.mod WS_FTP.LOG
2001.01.08 21:01 B f:\eggdrop\webseen.mod\wstcl.c --> broken.eggheads.org /home/gquann/eggdev1.6/src/mod/webseen.mod wstcl.c
2001.01.08 21:01 B f:\eggdrop\webseen.mod\Makefile --> broken.eggheads.org /home/gquann/eggdev1.6/src/mod/webseen.mod Makefile
2001.01.08 21:05 B f:\eggdrop\webseen.mod\templates.c --> broken.eggheads.org /home/gquann/eggdev1.6/src/mod/webseen.mod templates.c
2001.01.08 21:11 B f:\eggdrop\webseen.mod\templates.c --> broken.eggheads.org /home/gquann/eggdev1.6/src/mod/webseen.mod templates.c
2001.01.08 21:57 B f:\eggdrop\webseen.mod\templates.c --> broken.eggheads.org /home/gquann/eggdev1.6/src/mod/webseen.mod templates.c
2001.01.08 22:19 B f:\eggdrop\webseen.mod\templates.c --> broken.eggheads.org /home/gquann/eggdev1.6/src/mod/webseen.mod templates.c
2001.01.08 22:22 B f:\eggdrop\webseen.mod\templates.c --> broken.eggheads.org /home/gquann/eggdev1.6/src/mod/webseen.mod templates.c
2001.01.08 22:26 B f:\eggdrop\webseen.mod\templates.c --> broken.eggheads.org /home/gquann/eggdev1.6/src/mod/webseen.mod templates.c
2001.01.08 22:29 B f:\eggdrop\webseen.mod\webseen.c --> broken.eggheads.org /home/gquann/eggdev1.6/src/mod/webseen.mod webseen.c
2001.01.08 22:29 B f:\eggdrop\webseen.mod\templates.c --> broken.eggheads.org /home/gquann/eggdev1.6/src/mod/webseen.mod templates.c
2001.01.08 22:31 B f:\eggdrop\webseen.mod\templates.c --> broken.eggheads.org /home/gquann/eggdev1.6/src/mod/webseen.mod templates.c
2001.01.08 22:36 B f:\eggdrop\webseen.mod\templates.c --> broken.eggheads.org /home/gquann/eggdev1.6/src/mod/webseen.mod templates.c
2001.01.08 22:44 B f:\eggdrop\webseen.mod\templates.c --> broken.eggheads.org /home/gquann/eggdev1.6/src/mod/webseen.mod templates.c
2001.01.08 22:51 B f:\eggdrop\webseen.mod\httpd.c --> broken.eggheads.org /home/gquann/eggdev1.6/src/mod/webseen.mod httpd.c
2001.01.08 22:51 B f:\eggdrop\webseen.mod\templates.c --> broken.eggheads.org /home/gquann/eggdev1.6/src/mod/webseen.mod templates.c
2001.01.08 22:54 B f:\eggdrop\webseen.mod\httpd.c --> broken.eggheads.org /home/gquann/eggdev1.6/src/mod/webseen.mod httpd.c
2001.01.08 22:59 B f:\eggdrop\webseen.mod\httpd.c --> broken.eggheads.org /home/gquann/eggdev1.6/src/mod/webseen.mod httpd.c
2001.01.08 23:02 B f:\eggdrop\webseen.mod\templates.c --> broken.eggheads.org /home/gquann/eggdev1.6/src/mod/webseen.mod templates.c
2001.01.08 23:09 B f:\eggdrop\webseen.mod\templates.c --> broken.eggheads.org /home/gquann/eggdev1.6/src/mod/webseen.mod templates.c
2001.01.08 23:10 B f:\eggdrop\webseen.mod\templates.c --> broken.eggheads.org /home/gquann/eggdev1.6/src/mod/webseen.mod templates.c
2001.01.15 17:47 B f:\eggdrop\webseen.mod\httpd.c --> broken.eggheads.org /home/gquann/eggdev1.6/src/mod/webseen.mod httpd.c
2001.01.15 17:49 B f:\eggdrop\webseen.mod\webseen.conf --> broken.eggheads.org /home/gquann/eggdrop webseen.conf
2001.01.15 19:40 B f:\eggdrop\webseen.mod\templates.c --> broken.eggheads.org /home/gquann/eggdev1.6/src/mod/webseen.mod templates.c
2001.01.15 19:40 B f:\eggdrop\webseen.mod\wstcl.c --> broken.eggheads.org /home/gquann/eggdev1.6/src/mod/webseen.mod wstcl.c
2001.01.15 19:48 B f:\eggdrop\webseen.mod\templates.c --> broken.eggheads.org /home/gquann/eggdev1.6/src/mod/webseen.mod templates.c
2001.01.15 19:50 B f:\eggdrop\webseen.mod\templates.c --> broken.eggheads.org /home/gquann/eggdev1.6/src/mod/webseen.mod templates.c
2001.01.15 20:03 B f:\eggdrop\webseen.mod\templates.c --> broken.eggheads.org /home/gquann/eggdev1.6/src/mod/webseen.mod templates.c
2001.01.15 20:24 B f:\eggdrop\webseen.mod\templates.c --> broken.eggheads.org /home/gquann/eggdev1.6/src/mod/webseen.mod templates.c
2001.01.15 20:26 B f:\eggdrop\webseen.mod\templates.c --> broken.eggheads.org /home/gquann/eggdev1.6/src/mod/webseen.mod templates.c
2001.01.15 20:29 B f:\eggdrop\webseen.mod\templates.c --> broken.eggheads.org /home/gquann/eggdev1.6/src/mod/webseen.mod templates.c
2001.01.15 21:04 B f:\eggdrop\webseen.mod\templates.c --> broken.eggheads.org /home/gquann/eggdev1.6/src/mod/webseen.mod templates.c
2001.01.15 22:37 B f:\eggdrop\webseen.mod\webseen.lang --> broken.eggheads.org /home/gquann/eggdrop/language webseen.lang
2001.01.15 22:38 B f:\eggdrop\webseen.mod\webseen.conf --> broken.eggheads.org /home/gquann/eggdrop webseen.conf
2001.01.15 22:44 B f:\eggdrop\webseen.mod\httpd.c --> broken.eggheads.org /home/gquann/eggdev1.6/src/mod httpd.c
2001.01.15 22:46 B f:\eggdrop\webseen.mod\httpd.c --> broken.eggheads.org /home/gquann/eggdev1.6/src/mod/webseen.mod httpd.c
2001.01.15 23:48 B f:\eggdrop\webseen.mod\templates.c --> broken.eggheads.org /home/gquann/eggdev1.6/src/mod/webseen.mod templates.c
2001.01.15 23:52 B f:\eggdrop\webseen.mod\templates.c --> broken.eggheads.org /home/gquann/eggdev1.6/src/mod/webseen.mod templates.c
2001.01.15 23:53 B f:\eggdrop\webseen.mod\templates.c --> broken.eggheads.org /home/gquann/eggdev1.6/src/mod/webseen.mod templates.c
2001.01.17 20:06 B f:\eggdrop\webseen.mod\templates.c --> broken.eggheads.org /home/gquann/eggdev1.6/src/mod/webseen.mod templates.c
2001.01.17 20:09 B f:\eggdrop\webseen.mod\templates.c --> broken.eggheads.org /home/gquann/eggdev1.6/src/mod/webseen.mod templates.c
2001.01.17 20:10 B f:\eggdrop\webseen.mod\templates.c --> broken.eggheads.org /home/gquann/eggdev1.6/src/mod/webseen.mod templates.c
2001.01.17 20:11 B f:\eggdrop\webseen.mod\templates.c --> broken.eggheads.org /home/gquann/eggdev1.6/src/mod/webseen.mod templates.c
2001.01.18 17:39 B f:\eggdrop\webseen.mod\webseen.c --> broken.eggheads.org /home/gquann/eggdev1.6/src/mod/webseen.mod webseen.c
2001.01.18 17:39 B f:\eggdrop\webseen.mod\templates.c --> broken.eggheads.org /home/gquann/eggdev1.6/src/mod/webseen.mod templates.c
2001.01.18 17:39 B f:\eggdrop\webseen.mod\httpd.c --> broken.eggheads.org /home/gquann/eggdev1.6/src/mod/webseen.mod httpd.c
2001.01.18 17:52 B f:\eggdrop\webseen.mod\webseen.c --> broken.eggheads.org /home/gquann/eggdev1.6/src/mod/webseen.mod webseen.c
2001.01.18 17:52 B f:\eggdrop\webseen.mod\templates.c --> broken.eggheads.org /home/gquann/eggdev1.6/src/mod/webseen.mod templates.c
2001.01.18 17:55 B f:\eggdrop\webseen.mod\webseen.c --> broken.eggheads.org /home/gquann/eggdev1.6/src/mod/webseen.mod webseen.c
2001.01.18 17:55 B f:\eggdrop\webseen.mod\httpd.c --> broken.eggheads.org /home/gquann/eggdev1.6/src/mod/webseen.mod httpd.c
2001.01.18 17:57 B f:\eggdrop\webseen.mod\httpd.c --> broken.eggheads.org /home/gquann/eggdev1.6/src/mod/webseen.mod httpd.c
2001.01.18 18:01 B f:\eggdrop\webseen.mod\httpd.c --> broken.eggheads.org /home/gquann/eggdev1.6/src/mod/webseen.mod httpd.c
2001.01.18 18:05 B f:\eggdrop\webseen.mod\httpd.c --> broken.eggheads.org /home/gquann/eggdev1.6/src/mod/webseen.mod httpd.c
2001.01.18 18:06 B f:\eggdrop\webseen.mod\httpd.c --> broken.eggheads.org /home/gquann/eggdev1.6/src/mod/webseen.mod httpd.c
2001.01.18 18:16 B f:\eggdrop\webseen.mod\httpd.c --> broken.eggheads.org /home/gquann/eggdev1.6/src/mod/webseen.mod httpd.c
2001.01.18 18:23 B f:\eggdrop\webseen.mod\httpd.c --> broken.eggheads.org /home/gquann/eggdev1.6/src/mod/webseen.mod httpd.c
2001.01.18 18:39 B f:\eggdrop\webseen.mod\httpd.c --> broken.eggheads.org /home/gquann/eggdev1.6/src/mod/webseen.mod httpd.c
2001.01.18 18:39 B f:\eggdrop\webseen.mod\templates.c --> broken.eggheads.org /home/gquann/eggdev1.6/src/mod/webseen.mod templates.c
2001.01.18 18:41 B f:\eggdrop\webseen.mod\templates.c --> broken.eggheads.org /home/gquann/eggdev1.6/src/mod/webseen.mod templates.c
2001.01.18 18:46 B f:\eggdrop\webseen.mod\templates.c --> broken.eggheads.org /home/gquann/eggdev1.6/src/mod/webseen.mod templates.c
2001.01.18 18:59 B f:\eggdrop\webseen.mod\templates.c --> broken.eggheads.org /home/gquann/eggdev1.6/src/mod/webseen.mod templates.c
2001.01.18 19:02 B f:\eggdrop\webseen.mod\templates.c --> broken.eggheads.org /home/gquann/eggdev1.6/src/mod/webseen.mod templates.c
2001.01.18 19:03 B f:\eggdrop\webseen.mod\templates.c --> broken.eggheads.org /home/gquann/eggdev1.6/src/mod/webseen.mod templates.c
2001.01.18 22:43 B f:\eggdrop\webseen.mod\templates.c --> broken.eggheads.org /home/gquann/eggdev1.6/src/mod/webseen.mod templates.c
2001.01.18 22:50 B f:\eggdrop\webseen.mod\templates.c --> broken.eggheads.org /home/gquann/eggdev1.6/src/mod/webseen.mod templates.c
2001.01.18 22:50 B f:\eggdrop\webseen.mod\templates.c --> broken.eggheads.org /home/gquann/eggdev1.6/src/mod/webseen.mod templates.c
2001.01.18 22:51 B f:\eggdrop\webseen.mod\templates.c --> broken.eggheads.org /home/gquann/eggdev1.6/src/mod/webseen.mod templates.c
2001.01.18 22:54 B f:\eggdrop\webseen.mod\templates.c --> broken.eggheads.org /home/gquann/eggdev1.6/src/mod/webseen.mod templates.c
2001.01.18 22:58 B f:\eggdrop\webseen.mod\templates.c --> broken.eggheads.org /home/gquann/eggdev1.6/src/mod/webseen.mod templates.c
2001.01.18 22:59 B f:\eggdrop\webseen.mod\templates.c --> broken.eggheads.org /home/gquann/eggdev1.6/src/mod/webseen.mod templates.c
2001.01.18 23:00 B f:\eggdrop\webseen.mod\templates.c --> broken.eggheads.org /home/gquann/eggdev1.6/src/mod/webseen.mod templates.c
2001.01.18 23:02 B f:\eggdrop\webseen.mod\templates.c --> broken.eggheads.org /home/gquann/eggdev1.6/src/mod/webseen.mod templates.c
2001.01.18 23:05 B f:\eggdrop\webseen.mod\templates.c --> broken.eggheads.org /home/gquann/eggdev1.6/src/mod/webseen.mod templates.c
2001.01.18 23:07 B f:\eggdrop\webseen.mod\templates.c --> broken.eggheads.org /home/gquann/eggdev1.6/src/mod/webseen.mod templates.c
2001.01.18 23:09 B f:\eggdrop\webseen.mod\templates.c --> broken.eggheads.org /home/gquann/eggdev1.6/src/mod/webseen.mod templates.c
2001.01.19 18:00 B f:\eggdrop\webseen.mod\httpd.c --> broken.eggheads.org /home/gquann/eggdev1.6/src/mod/webseen.mod httpd.c
2001.01.19 18:00 B f:\eggdrop\webseen.mod\Makefile --> broken.eggheads.org /home/gquann/eggdev1.6/src/mod/webseen.mod Makefile
2001.01.19 18:00 B f:\eggdrop\webseen.mod\templates.c --> broken.eggheads.org /home/gquann/eggdev1.6/src/mod/webseen.mod templates.c
2001.01.19 18:00 B f:\eggdrop\webseen.mod\test.html --> broken.eggheads.org /home/gquann/eggdev1.6/src/mod/webseen.mod test.html
2001.01.19 18:00 B f:\eggdrop\webseen.mod\webseen.c --> broken.eggheads.org /home/gquann/eggdev1.6/src/mod/webseen.mod webseen.c
2001.01.19 18:00 B f:\eggdrop\webseen.mod\webseen.conf --> broken.eggheads.org /home/gquann/eggdev1.6/src/mod/webseen.mod webseen.conf
2001.01.19 18:00 B f:\eggdrop\webseen.mod\webseen.h --> broken.eggheads.org /home/gquann/eggdev1.6/src/mod/webseen.mod webseen.h
2001.01.19 18:00 B f:\eggdrop\webseen.mod\webseen.lang --> broken.eggheads.org /home/gquann/eggdev1.6/src/mod/webseen.mod webseen.lang
2001.01.19 18:00 B f:\eggdrop\webseen.mod\WS_FTP.LOG --> broken.eggheads.org /home/gquann/eggdev1.6/src/mod/webseen.mod WS_FTP.LOG
2001.01.19 18:00 B f:\eggdrop\webseen.mod\wstcl.c --> broken.eggheads.org /home/gquann/eggdev1.6/src/mod/webseen.mod wstcl.c
2001.01.19 18:11 B f:\eggdrop\webseen.mod\templates.c --> broken.eggheads.org /home/gquann/eggdev1.6/src/mod/webseen.mod templates.c
2001.01.19 18:11 B f:\eggdrop\webseen.mod\httpd.c --> broken.eggheads.org /home/gquann/eggdev1.6/src/mod/webseen.mod httpd.c
2001.01.19 18:14 B f:\eggdrop\webseen.mod\webseen.conf --> broken.eggheads.org /home/gquann/eggdrop webseen.conf
2001.01.19 18:32 B f:\eggdrop\webseen.mod\webseen.c --> broken.eggheads.org /home/gquann/eggdev1.6/src/mod/webseen.mod webseen.c
2001.01.19 18:32 B f:\eggdrop\webseen.mod\httpd.c --> broken.eggheads.org /home/gquann/eggdev1.6/src/mod/webseen.mod httpd.c
2001.01.19 20:35 B f:\eggdrop\webseen.mod\webseen.conf --> broken.eggheads.org /home/gquann/eggdrop webseen.conf
2001.01.19 20:54 B f:\eggdrop\webseen.mod\webseen.lang --> broken.eggheads.org /home/gquann/eggdrop/language webseen.lang
2001.01.19 21:17 B f:\eggdrop\webseen.mod\templates.c --> broken.eggheads.org /home/gquann/eggdev1.6/src/mod/webseen.mod templates.c
2001.01.19 21:20 B f:\eggdrop\webseen.mod\templates.c --> broken.eggheads.org /home/gquann/eggdev1.6/src/mod/webseen.mod templates.c
2001.01.19 21:21 B f:\eggdrop\webseen.mod\templates.c --> broken.eggheads.org /home/gquann/eggdev1.6/src/mod/webseen.mod templates.c
2001.01.19 22:00 B f:\eggdrop\webseen.mod\webseen.conf --> broken.eggheads.org /home/gquann/eggdrop webseen.conf
2001.01.19 22:33 B f:\eggdrop\webseen.mod\templates.c --> broken.eggheads.org /home/gquann/eggdev1.6/src/mod/webseen.mod templates.c
2001.01.19 22:33 B f:\eggdrop\webseen.mod\httpd.c --> broken.eggheads.org /home/gquann/eggdev1.6/src/mod/webseen.mod httpd.c
2001.01.19 22:33 B f:\eggdrop\webseen.mod\webseen.c --> broken.eggheads.org /home/gquann/eggdev1.6/src/mod/webseen.mod webseen.c
2001.01.19 22:44 B f:\eggdrop\webseen.mod\webseen.conf --> broken.eggheads.org /home/gquann/eggdrop webseen.conf
2001.01.20 00:50 B f:\eggdrop\webseen.mod\httpd.c --> broken.eggheads.org /home/gquann/eggdev1.6/src/mod/webseen.mod httpd.c
2001.01.20 00:50 B f:\eggdrop\webseen.mod\webseen.c --> broken.eggheads.org /home/gquann/eggdev1.6/src/mod/webseen.mod webseen.c
2001.01.20 01:00 B f:\eggdrop\webseen.mod\webseen.c --> broken.eggheads.org /home/gquann/eggdev1.6/src/mod/webseen.mod webseen.c
2001.01.20 11:35 B f:\eggdrop\webseen.mod\webseen.conf --> broken.eggheads.org /home/gquann/eggdrop webseen.conf
2001.01.20 17:23 B f:\eggdrop\webseen.mod\templates.c --> broken.eggheads.org /home/gquann/eggdev1.6/src/mod/webseen.mod templates.c
2001.01.20 17:23 B f:\eggdrop\webseen.mod\WS_FTP.LOG --> broken.eggheads.org /home/gquann/eggdev1.6/src/mod/webseen.mod WS_FTP.LOG
2001.01.20 17:23 B f:\eggdrop\webseen.mod\webseen.conf --> broken.eggheads.org /home/gquann/eggdev1.6/src/mod/webseen.mod webseen.conf
2001.01.20 17:23 B f:\eggdrop\webseen.mod\webseen.h --> broken.eggheads.org /home/gquann/eggdev1.6/src/mod/webseen.mod webseen.h
2001.01.20 17:23 B f:\eggdrop\webseen.mod\httpd.c --> broken.eggheads.org /home/gquann/eggdev1.6/src/mod/webseen.mod httpd.c
2001.01.20 17:23 B f:\eggdrop\webseen.mod\webseen.c --> broken.eggheads.org /home/gquann/eggdev1.6/src/mod/webseen.mod webseen.c
2001.01.20 17:24 B f:\eggdrop\webseen.mod\webseen.lang --> broken.eggheads.org /home/gquann/eggdev1.6/src/mod/webseen.mod webseen.lang
2001.01.20 17:24 B f:\eggdrop\webseen.mod\wstcl.c --> broken.eggheads.org /home/gquann/eggdev1.6/src/mod/webseen.mod wstcl.c
2001.01.20 17:24 B f:\eggdrop\webseen.mod\Makefile --> broken.eggheads.org /home/gquann/eggdev1.6/src/mod/webseen.mod Makefile
2001.01.20 17:24 B f:\eggdrop\webseen.mod\test.html --> broken.eggheads.org /home/gquann/eggdev1.6/src/mod/webseen.mod test.html
2001.01.20 17:27 B f:\eggdrop\webseen.mod\templates.c --> broken.eggheads.org /home/gquann/eggdev1.6/src/mod/webseen.mod templates.c
2001.01.20 17:28 B f:\eggdrop\webseen.mod\templates.c --> broken.eggheads.org /home/gquann/eggdev1.6/src/mod/webseen.mod templates.c
2001.01.20 18:40 B f:\eggdrop\webseen.mod\httpd.c --> broken.eggheads.org /home/gquann/eggdev1.6/src/mod/webseen.mod httpd.c
2001.01.26 19:52 B f:\eggdrop\webseen.mod\httpd.c --> broken.eggheads.org /home/gquann/eggdev1.6/src/mod/webseen.mod httpd.c
2001.01.26 19:52 B f:\eggdrop\webseen.mod\Makefile --> broken.eggheads.org /home/gquann/eggdev1.6/src/mod/webseen.mod Makefile
2001.01.26 19:52 B f:\eggdrop\webseen.mod\mini_httpd.c --> broken.eggheads.org /home/gquann/eggdev1.6/src/mod/webseen.mod mini_httpd.c
2001.01.26 19:52 B f:\eggdrop\webseen.mod\templates.c --> broken.eggheads.org /home/gquann/eggdev1.6/src/mod/webseen.mod templates.c
2001.01.26 19:52 B f:\eggdrop\webseen.mod\test.html --> broken.eggheads.org /home/gquann/eggdev1.6/src/mod/webseen.mod test.html
2001.01.26 19:52 B f:\eggdrop\webseen.mod\webseen.c --> broken.eggheads.org /home/gquann/eggdev1.6/src/mod/webseen.mod webseen.c
2001.01.26 19:52 B f:\eggdrop\webseen.mod\webseen.conf --> broken.eggheads.org /home/gquann/eggdev1.6/src/mod/webseen.mod webseen.conf
2001.01.26 19:52 B f:\eggdrop\webseen.mod\webseen.h --> broken.eggheads.org /home/gquann/eggdev1.6/src/mod/webseen.mod webseen.h
2001.01.26 19:52 B f:\eggdrop\webseen.mod\webseen.lang --> broken.eggheads.org /home/gquann/eggdev1.6/src/mod/webseen.mod webseen.lang
2001.01.26 19:52 B f:\eggdrop\webseen.mod\WS_FTP.LOG --> broken.eggheads.org /home/gquann/eggdev1.6/src/mod/webseen.mod WS_FTP.LOG
2001.01.26 19:52 B f:\eggdrop\webseen.mod\wstcl.c --> broken.eggheads.org /home/gquann/eggdev1.6/src/mod/webseen.mod wstcl.c
2001.01.26 20:51 B f:\eggdrop\webseen.mod\mini_httpd.c --> broken.eggheads.org /home/gquann/eggdev1.6/src/mod/webseen.mod mini_httpd.c
2001.01.26 21:09 B f:\eggdrop\webseen.mod\webseen.c --> broken.eggheads.org /home/gquann/eggdev1.6/src/mod/webseen.mod webseen.c
2001.01.26 21:11 B f:\eggdrop\webseen.mod\mini_httpd.c --> broken.eggheads.org /home/gquann/eggdev1.6/src/mod/webseen.mod mini_httpd.c
2001.01.26 21:12 B f:\eggdrop\webseen.mod\mini_httpd.c --> broken.eggheads.org /home/gquann/eggdev1.6/src/mod/webseen.mod mini_httpd.c
2001.01.26 21:13 B f:\eggdrop\webseen.mod\mini_httpd.c --> broken.eggheads.org /home/gquann/eggdev1.6/src/mod/webseen.mod mini_httpd.c
2001.01.26 21:14 B f:\eggdrop\webseen.mod\mini_httpd.c --> broken.eggheads.org /home/gquann/eggdev1.6/src/mod/webseen.mod mini_httpd.c
2001.01.26 21:18 B f:\eggdrop\webseen.mod\mini_httpd.c --> broken.eggheads.org /home/gquann/eggdev1.6/src/mod/webseen.mod mini_httpd.c
2001.01.26 21:18 B f:\eggdrop\webseen.mod\mini_httpd.c --> broken.eggheads.org /home/gquann/eggdev1.6/src/mod/webseen.mod mini_httpd.c
2001.01.26 21:19 B f:\eggdrop\webseen.mod\mini_httpd.c --> broken.eggheads.org /home/gquann/eggdev1.6/src/mod/webseen.mod mini_httpd.c
2001.01.27 13:42 B f:\eggdrop\webseen.mod\webseen.h --> broken.eggheads.org /home/gquann/eggdev1.6/src/mod/webseen.mod webseen.h
2001.01.27 13:42 B f:\eggdrop\webseen.mod\mini_httpd.c --> broken.eggheads.org /home/gquann/eggdev1.6/src/mod/webseen.mod mini_httpd.c
2001.01.27 14:05 B f:\eggdrop\webseen.mod\webseen.c --> broken.eggheads.org /home/gquann/eggdev1.6/src/mod/webseen.mod webseen.c
2001.01.27 14:05 B f:\eggdrop\webseen.mod\http_processing.c --> broken.eggheads.org /home/gquann/eggdev1.6/src/mod/webseen.mod http_processing.c
2001.01.27 14:05 B f:\eggdrop\webseen.mod\webseen.h --> broken.eggheads.org /home/gquann/eggdev1.6/src/mod/webseen.mod webseen.h
2001.01.27 14:05 B f:\eggdrop\webseen.mod\webseen.c --> broken.eggheads.org /home/gquann/eggdev1.6/src/mod/webseen.mod webseen.c
2001.01.27 14:05 B f:\eggdrop\webseen.mod\http_processing.c --> broken.eggheads.org /home/gquann/eggdev1.6/src/mod/webseen.mod http_processing.c
2001.01.27 14:05 B f:\eggdrop\webseen.mod\webseen.h --> broken.eggheads.org /home/gquann/eggdev1.6/src/mod/webseen.mod webseen.h
2001.01.27 14:06 B f:\eggdrop\webseen.mod\webseen.c --> broken.eggheads.org /home/gquann/eggdev1.6/src/mod/webseen.mod webseen.c
2001.01.27 16:51 B f:\eggdrop\webseen.mod\webseen.conf --> broken.eggheads.org /home/gquann/eggdev1.6/src/mod/webseen.mod webseen.conf
2001.01.27 16:51 B f:\eggdrop\webseen.mod\webseen.c --> broken.eggheads.org /home/gquann/eggdev1.6/src/mod/webseen.mod webseen.c
2001.01.27 16:51 B f:\eggdrop\webseen.mod\templates.c --> broken.eggheads.org /home/gquann/eggdev1.6/src/mod/webseen.mod templates.c
2001.01.27 16:53 B f:\eggdrop\webseen.mod\webseen.conf --> broken.eggheads.org /home/gquann/eggdrop webseen.conf
2001.01.27 16:56 B f:\eggdrop\webseen.mod\webseen.c --> broken.eggheads.org /home/gquann/eggdev1.6/src/mod/webseen.mod webseen.c
2001.01.27 17:00 B f:\eggdrop\webseen.mod\webseen.c --> broken.eggheads.org /home/gquann/eggdev1.6/src/mod/webseen.mod webseen.c
2001.01.27 17:00 B f:\eggdrop\webseen.mod\mini_httpd.c --> broken.eggheads.org /home/gquann/eggdev1.6/src/mod/webseen.mod mini_httpd.c
2001.01.27 17:12 B f:\eggdrop\webseen.mod\http_processing.c --> broken.eggheads.org /home/gquann/eggdev1.6/src/mod/webseen.mod http_processing.c
2001.01.27 17:12 B f:\eggdrop\webseen.mod\http_processing.c --> broken.eggheads.org /home/gquann/eggdev1.6/src/mod/webseen.mod http_processing.c
2001.01.27 17:13 B f:\eggdrop\webseen.mod\Makefile --> broken.eggheads.org /home/gquann/eggdev1.6/src/mod/webseen.mod Makefile
2001.01.27 17:24 B f:\eggdrop\webseen.mod\http_processing.c --> broken.eggheads.org /home/gquann/eggdev1.6/src/mod/webseen.mod http_processing.c
2001.01.27 17:26 B f:\eggdrop\webseen.mod\mini_httpd.c --> broken.eggheads.org /home/gquann/eggdev1.6/src/mod/webseen.mod mini_httpd.c
2001.01.27 17:56 B f:\eggdrop\webseen.mod\http_processing.c --> broken.eggheads.org /home/gquann/eggdev1.6/src/mod/webseen.mod http_processing.c
2001.01.28 17:22 B f:\eggdrop\webseen.mod\WS_FTP.LOG --> broken.eggheads.org /home/gquann/eggdev1.6/src/mod/webseen.mod WS_FTP.LOG
2001.01.28 17:22 B f:\eggdrop\webseen.mod\http_processing.c --> broken.eggheads.org /home/gquann/eggdev1.6/src/mod/webseen.mod http_processing.c
2001.01.28 17:22 B f:\eggdrop\webseen.mod\mini_httpd.c --> broken.eggheads.org /home/gquann/eggdev1.6/src/mod/webseen.mod mini_httpd.c
2001.01.28 17:22 B f:\eggdrop\webseen.mod\Makefile --> broken.eggheads.org /home/gquann/eggdev1.6/src/mod/webseen.mod Makefile
2001.01.28 17:22 B f:\eggdrop\webseen.mod\webseen.c --> broken.eggheads.org /home/gquann/eggdev1.6/src/mod/webseen.mod webseen.c
2001.01.28 17:22 B f:\eggdrop\webseen.mod\webseen.conf --> broken.eggheads.org /home/gquann/eggdev1.6/src/mod/webseen.mod webseen.conf
2001.01.28 17:22 B f:\eggdrop\webseen.mod\templates.c --> broken.eggheads.org /home/gquann/eggdev1.6/src/mod/webseen.mod templates.c
2001.01.28 17:22 B f:\eggdrop\webseen.mod\webseen.h --> broken.eggheads.org /home/gquann/eggdev1.6/src/mod/webseen.mod webseen.h
2001.01.28 17:22 B f:\eggdrop\webseen.mod\webseen.lang --> broken.eggheads.org /home/gquann/eggdev1.6/src/mod/webseen.mod webseen.lang
2001.01.28 17:22 B f:\eggdrop\webseen.mod\wstcl.c --> broken.eggheads.org /home/gquann/eggdev1.6/src/mod/webseen.mod wstcl.c
2001.01.28 17:26 B f:\eggdrop\webseen.mod\templates.c --> broken.eggheads.org /home/gquann/eggdev1.6/src/mod/webseen.mod templates.c
2001.01.30 16:52 B f:\eggdrop\webseen.mod\templates.c --> broken.eggheads.org /home/gquann/eggdev1.6/src/mod/webseen.mod templates.c
2001.01.30 16:52 B f:\eggdrop\webseen.mod\http_processing.c --> broken.eggheads.org /home/gquann/eggdev1.6/src/mod/webseen.mod http_processing.c
2001.02.02 21:16 B f:\eggdrop\webseen.mod\http_processing.c --> broken.eggheads.org /home/gquann/eggdev1.6/src/mod/webseen.mod http_processing.c
2001.02.02 21:16 B f:\eggdrop\webseen.mod\Makefile --> broken.eggheads.org /home/gquann/eggdev1.6/src/mod/webseen.mod Makefile
2001.02.02 21:17 B f:\eggdrop\webseen.mod\mini_httpd.c --> broken.eggheads.org /home/gquann/eggdev1.6/src/mod/webseen.mod mini_httpd.c
2001.02.02 21:17 B f:\eggdrop\webseen.mod\templates.c --> broken.eggheads.org /home/gquann/eggdev1.6/src/mod/webseen.mod templates.c
2001.02.02 21:17 B f:\eggdrop\webseen.mod\webseen.c --> broken.eggheads.org /home/gquann/eggdev1.6/src/mod/webseen.mod webseen.c
2001.02.02 21:17 B f:\eggdrop\webseen.mod\webseen.conf --> broken.eggheads.org /home/gquann/eggdev1.6/src/mod/webseen.mod webseen.conf
2001.02.02 21:17 B f:\eggdrop\webseen.mod\webseen.h --> broken.eggheads.org /home/gquann/eggdev1.6/src/mod/webseen.mod webseen.h
2001.02.02 21:17 B f:\eggdrop\webseen.mod\webseen.lang --> broken.eggheads.org /home/gquann/eggdev1.6/src/mod/webseen.mod webseen.lang
2001.02.02 21:17 B f:\eggdrop\webseen.mod\webseen_templates.c --> broken.eggheads.org /home/gquann/eggdev1.6/src/mod/webseen.mod webseen_templates.c
2001.02.02 21:17 B f:\eggdrop\webseen.mod\WS_FTP.LOG --> broken.eggheads.org /home/gquann/eggdev1.6/src/mod/webseen.mod WS_FTP.LOG
2001.02.02 21:18 B f:\eggdrop\webseen.mod\http_processing.c --> broken.eggheads.org /home/gquann/eggdev1.6/src/mod/webseen.mod http_processing.c
2001.02.02 21:18 B f:\eggdrop\webseen.mod\Makefile --> broken.eggheads.org /home/gquann/eggdev1.6/src/mod/webseen.mod Makefile
2001.02.02 21:18 B f:\eggdrop\webseen.mod\mini_httpd.c --> broken.eggheads.org /home/gquann/eggdev1.6/src/mod/webseen.mod mini_httpd.c
2001.02.02 21:18 B f:\eggdrop\webseen.mod\templates.c --> broken.eggheads.org /home/gquann/eggdev1.6/src/mod/webseen.mod templates.c
2001.02.02 21:18 B f:\eggdrop\webseen.mod\webseen.c --> broken.eggheads.org /home/gquann/eggdev1.6/src/mod/webseen.mod webseen.c
2001.02.02 21:18 B f:\eggdrop\webseen.mod\webseen.conf --> broken.eggheads.org /home/gquann/eggdev1.6/src/mod/webseen.mod webseen.conf
2001.02.02 21:18 B f:\eggdrop\webseen.mod\webseen.h --> broken.eggheads.org /home/gquann/eggdev1.6/src/mod/webseen.mod webseen.h
2001.02.02 21:18 B f:\eggdrop\webseen.mod\webseen.lang --> broken.eggheads.org /home/gquann/eggdev1.6/src/mod/webseen.mod webseen.lang
2001.02.02 21:18 B f:\eggdrop\webseen.mod\webseen_templates.c --> broken.eggheads.org /home/gquann/eggdev1.6/src/mod/webseen.mod webseen_templates.c
2001.02.02 21:18 B f:\eggdrop\webseen.mod\WS_FTP.LOG --> broken.eggheads.org /home/gquann/eggdev1.6/src/mod/webseen.mod WS_FTP.LOG
2001.02.02 21:19 B f:\eggdrop\webseen.mod\wstcl.c --> broken.eggheads.org /home/gquann/eggdev1.6/src/mod/webseen.mod wstcl.c
2001.02.02 21:22 B f:\eggdrop\webseen.mod\templates.c --> broken.eggheads.org /home/gquann/eggdev1.6/src/mod/webseen.mod templates.c
2001.02.02 21:26 B f:\eggdrop\webseen.mod\templates.c --> broken.eggheads.org /home/gquann/eggdev1.6/src/mod/webseen.mod templates.c
2001.02.02 21:31 B f:\eggdrop\webseen.mod\templates.c --> broken.eggheads.org /home/gquann/eggdev1.6/src/mod/webseen.mod templates.c
2001.02.02 21:32 B f:\eggdrop\webseen.mod\templates.c --> broken.eggheads.org /home/gquann/eggdev1.6/src/mod/webseen.mod templates.c
2001.02.02 21:33 B f:\eggdrop\webseen.mod\templates.c --> broken.eggheads.org /home/gquann/eggdev1.6/src/mod/webseen.mod templates.c
2001.02.02 21:33 B f:\eggdrop\webseen.mod\templates.c --> broken.eggheads.org /home/gquann/eggdev1.6/src/mod/webseen.mod templates.c
2001.02.02 21:35 B f:\eggdrop\webseen.mod\templates.c --> broken.eggheads.org /home/gquann/eggdev1.6/src/mod/webseen.mod templates.c
2001.02.02 21:37 B f:\eggdrop\webseen.mod\templates.c --> broken.eggheads.org /home/gquann/eggdev1.6/src/mod/webseen.mod templates.c
2001.02.02 21:39 B f:\eggdrop\webseen.mod\templates.c --> broken.eggheads.org /home/gquann/eggdev1.6/src/mod/webseen.mod templates.c
2001.02.02 21:43 B f:\eggdrop\webseen.mod\templates.c --> broken.eggheads.org /home/gquann/eggdev1.6/src/mod/webseen.mod templates.c
2001.02.02 21:45 B f:\eggdrop\webseen.mod\templates.c --> broken.eggheads.org /home/gquann/eggdev1.6/src/mod/webseen.mod templates.c
2001.02.02 21:46 B f:\eggdrop\webseen.mod\templates.c --> broken.eggheads.org /home/gquann/eggdev1.6/src/mod/webseen.mod templates.c
2001.02.02 21:49 B f:\eggdrop\webseen.mod\templates.c --> broken.eggheads.org /home/gquann/eggdev1.6/src/mod/webseen.mod templates.c
2001.02.02 21:53 B f:\eggdrop\webseen.mod\templates.c --> broken.eggheads.org /home/gquann/eggdev1.6/src/mod/webseen.mod templates.c
2001.02.06 18:34 B f:\eggdrop\webseen.mod\http_processing.c --> broken.eggheads.org /home/gquann/eggdev1.6/src/mod/webseen.mod http_processing.c
2001.02.06 18:34 B f:\eggdrop\webseen.mod\Makefile --> broken.eggheads.org /home/gquann/eggdev1.6/src/mod/webseen.mod Makefile
2001.02.06 18:34 B f:\eggdrop\webseen.mod\mini_httpd.c --> broken.eggheads.org /home/gquann/eggdev1.6/src/mod/webseen.mod mini_httpd.c
2001.02.06 18:34 B f:\eggdrop\webseen.mod\templates.c --> broken.eggheads.org /home/gquann/eggdev1.6/src/mod/webseen.mod templates.c
2001.02.06 18:34 B f:\eggdrop\webseen.mod\webseen.c --> broken.eggheads.org /home/gquann/eggdev1.6/src/mod/webseen.mod webseen.c
2001.02.06 18:34 B f:\eggdrop\webseen.mod\webseen.conf --> broken.eggheads.org /home/gquann/eggdev1.6/src/mod/webseen.mod webseen.conf
2001.02.06 18:34 B f:\eggdrop\webseen.mod\webseen.h --> broken.eggheads.org /home/gquann/eggdev1.6/src/mod/webseen.mod webseen.h
2001.02.06 18:34 B f:\eggdrop\webseen.mod\webseen.lang --> broken.eggheads.org /home/gquann/eggdev1.6/src/mod/webseen.mod webseen.lang
2001.02.06 18:35 B f:\eggdrop\webseen.mod\webseen_templates.c --> broken.eggheads.org /home/gquann/eggdev1.6/src/mod/webseen.mod webseen_templates.c
2001.02.06 18:35 B f:\eggdrop\webseen.mod\WS_FTP.LOG --> broken.eggheads.org /home/gquann/eggdev1.6/src/mod/webseen.mod WS_FTP.LOG
2001.02.06 18:35 B f:\eggdrop\webseen.mod\wstcl.c --> broken.eggheads.org /home/gquann/eggdev1.6/src/mod/webseen.mod wstcl.c
2001.02.06 18:38 B f:\eggdrop\webseen.mod\wstcl.c --> broken.eggheads.org /home/gquann/eggdev1.6/src/mod/webseen.mod wstcl.c
2001.02.06 21:03 B f:\eggdrop\webseen.mod\http_processing.c --> broken.eggheads.org /home/gquann/eggdev1.6/src/mod/webseen.mod http_processing.c
2001.02.06 21:03 B f:\eggdrop\webseen.mod\wstcl.c --> broken.eggheads.org /home/gquann/eggdev1.6/src/mod/webseen.mod wstcl.c
2001.02.06 21:49 B f:\eggdrop\webseen.mod\templates.c --> broken.eggheads.org /home/gquann/eggdev1.6/src/mod/webseen.mod templates.c
2001.02.06 21:49 B f:\eggdrop\webseen.mod\http_processing.c --> broken.eggheads.org /home/gquann/eggdev1.6/src/mod/webseen.mod http_processing.c
2001.02.06 21:49 B f:\eggdrop\webseen.mod\wstcl.c --> broken.eggheads.org /home/gquann/eggdev1.6/src/mod/webseen.mod wstcl.c
2001.02.06 21:53 B f:\eggdrop\webseen.mod\webseen_templates.c --> broken.eggheads.org /home/gquann/eggdev1.6/src/mod/webseen.mod webseen_templates.c
2001.02.06 21:53 B f:\eggdrop\webseen.mod\templates.c --> broken.eggheads.org /home/gquann/eggdev1.6/src/mod/webseen.mod templates.c
2001.02.06 21:55 B f:\eggdrop\webseen.mod\webseen.c --> broken.eggheads.org /home/gquann/eggdev1.6/src/mod/webseen.mod webseen.c
2001.02.06 21:55 B f:\eggdrop\webseen.mod\Makefile --> broken.eggheads.org /home/gquann/eggdev1.6/src/mod/webseen.mod Makefile
2001.02.06 21:57 B f:\eggdrop\webseen.mod\webseen_templates.c --> broken.eggheads.org /home/gquann/eggdev1.6/src/mod/webseen.mod webseen_templates.c
2001.02.06 21:58 B f:\eggdrop\webseen.mod\wstcl.c --> broken.eggheads.org /home/gquann/eggdev1.6/src/mod/webseen.mod wstcl.c
2001.02.06 22:01 B f:\eggdrop\webseen.mod\webseen.conf --> broken.eggheads.org /home/gquann/eggdrop webseen.conf
2001.02.06 22:04 B f:\eggdrop\webseen.mod\webseen.conf --> broken.eggheads.org /home/gquann/eggdrop webseen.conf
2001.02.06 22:13 B f:\eggdrop\webseen.mod\templates.c --> broken.eggheads.org /home/gquann/eggdev1.6/src/mod/webseen.mod templates.c
2001.02.06 22:13 B f:\eggdrop\webseen.mod\http_processing.c --> broken.eggheads.org /home/gquann/eggdev1.6/src/mod/webseen.mod http_processing.c
2001.02.07 18:04 B f:\eggdrop\webseen.mod\webseen.conf --> broken.eggheads.org /home/gquann/eggdrop webseen.conf
2001.02.07 18:08 B f:\eggdrop\webseen.mod\webseen.conf --> broken.eggheads.org /home/gquann/eggdev1.6/src/mod/webseen.mod webseen.conf
2001.02.07 18:08 B f:\eggdrop\webseen.mod\http_processing.c --> broken.eggheads.org /home/gquann/eggdev1.6/src/mod/webseen.mod http_processing.c
2001.02.07 18:08 B f:\eggdrop\webseen.mod\templates.c --> broken.eggheads.org /home/gquann/eggdev1.6/src/mod/webseen.mod templates.c
2001.02.07 18:08 B f:\eggdrop\webseen.mod\wstcl.c --> broken.eggheads.org /home/gquann/eggdev1.6/src/mod/webseen.mod wstcl.c
2001.02.07 18:08 B f:\eggdrop\webseen.mod\webseen_templates.c --> broken.eggheads.org /home/gquann/eggdev1.6/src/mod/webseen.mod webseen_templates.c
2001.02.07 18:08 B f:\eggdrop\webseen.mod\webseen.c --> broken.eggheads.org /home/gquann/eggdev1.6/src/mod/webseen.mod webseen.c
2001.02.07 18:08 B f:\eggdrop\webseen.mod\Makefile --> broken.eggheads.org /home/gquann/eggdev1.6/src/mod/webseen.mod Makefile
2001.02.07 18:08 B f:\eggdrop\webseen.mod\mini_httpd.c --> broken.eggheads.org /home/gquann/eggdev1.6/src/mod/webseen.mod mini_httpd.c
2001.02.07 18:57 B f:\eggdrop\webseen.mod\templates.c --> broken.eggheads.org /home/gquann/eggdev1.6/src/mod/webseen.mod templates.c
2001.02.07 19:08 B f:\eggdrop\webseen.mod\templates.c --> broken.eggheads.org /home/gquann/eggdev1.6/src/mod/webseen.mod templates.c
2001.02.07 19:11 B f:\eggdrop\webseen.mod\templates.c --> broken.eggheads.org /home/gquann/eggdev1.6/src/mod/webseen.mod templates.c
2001.02.07 19:13 B f:\eggdrop\webseen.mod\templates.c --> broken.eggheads.org /home/gquann/eggdev1.6/src/mod/webseen.mod templates.c
2001.02.07 19:13 B f:\eggdrop\webseen.mod\http_processing.c --> broken.eggheads.org /home/gquann/eggdev1.6/src/mod/webseen.mod http_processing.c
2001.02.08 17:22 B f:\eggdrop\webseen.mod\templates.c --> broken.eggheads.org /home/gquann/eggdev1.6/src/mod/webseen.mod templates.c
2001.02.08 17:22 B f:\eggdrop\webseen.mod\webseen.c --> broken.eggheads.org /home/gquann/eggdev1.6/src/mod/webseen.mod webseen.c
2001.02.08 17:22 B f:\eggdrop\webseen.mod\wstcl.c --> broken.eggheads.org /home/gquann/eggdev1.6/src/mod/webseen.mod wstcl.c
2001.02.08 17:22 B f:\eggdrop\webseen.mod\webseen.conf --> broken.eggheads.org /home/gquann/eggdev1.6/src/mod/webseen.mod webseen.conf
2001.02.08 17:40 B f:\eggdrop\webseen.mod\templates.c --> broken.eggheads.org /home/gquann/eggdev1.6/src/mod/webseen.mod templates.c
2001.02.08 17:42 B f:\eggdrop\webseen.mod\templates.c --> broken.eggheads.org /home/gquann/eggdev1.6/src/mod/webseen.mod templates.c
2001.02.08 17:44 B f:\eggdrop\webseen.mod\templates.c --> broken.eggheads.org /home/gquann/eggdev1.6/src/mod/webseen.mod templates.c
2001.02.08 17:46 B f:\eggdrop\webseen.mod\templates.c --> broken.eggheads.org /home/gquann/eggdev1.6/src/mod/webseen.mod templates.c
2001.02.08 17:47 B f:\eggdrop\webseen.mod\templates.c --> broken.eggheads.org /home/gquann/eggdev1.6/src/mod/webseen.mod templates.c
2001.02.08 17:48 B f:\eggdrop\webseen.mod\templates.c --> broken.eggheads.org /home/gquann/eggdev1.6/src/mod/webseen.mod templates.c
2001.02.08 17:49 B f:\eggdrop\webseen.mod\templates.c --> broken.eggheads.org /home/gquann/eggdev1.6/src/mod/webseen.mod templates.c
2001.02.08 17:51 B f:\eggdrop\webseen.mod\templates.c --> broken.eggheads.org /home/gquann/eggdev1.6/src/mod/webseen.mod templates.c
2001.02.08 17:53 B f:\eggdrop\webseen.mod\templates.c --> broken.eggheads.org /home/gquann/eggdev1.6/src/mod/webseen.mod templates.c
2001.02.08 17:54 B f:\eggdrop\webseen.mod\webseen.conf --> broken.eggheads.org /home/gquann/eggdrop webseen.conf
2001.02.08 18:04 B f:\eggdrop\webseen.mod\templates.c --> broken.eggheads.org /home/gquann/eggdev1.6/src/mod/webseen.mod templates.c
2001.02.08 20:08 B f:\eggdrop\webseen.mod\templates.c --> broken.eggheads.org /home/gquann/eggdev1.6/src/mod/webseen.mod templates.c
2001.02.08 20:08 B f:\eggdrop\webseen.mod\wstcl.c --> broken.eggheads.org /home/gquann/eggdev1.6/src/mod/webseen.mod wstcl.c
2001.02.08 20:10 B f:\eggdrop\webseen.mod\templates.c --> broken.eggheads.org /home/gquann/eggdev1.6/src/mod/webseen.mod templates.c
2001.02.08 20:46 B f:\eggdrop\webseen.mod\templates.c --> broken.eggheads.org /home/gquann/eggdev1.6/src/mod/webseen.mod templates.c
2001.02.08 20:51 B f:\eggdrop\webseen.mod\templates.c --> broken.eggheads.org /home/gquann/eggdev1.6/src/mod/webseen.mod templates.c
2001.02.08 21:19 B f:\eggdrop\webseen.mod\templates.c --> broken.eggheads.org /home/gquann/eggdev1.6/src/mod/webseen.mod templates.c
2001.02.08 21:26 B f:\eggdrop\webseen.mod\templates.c --> broken.eggheads.org /home/gquann/eggdev1.6/src/mod/webseen.mod templates.c
2001.02.08 21:28 B f:\eggdrop\webseen.mod\templates.c --> broken.eggheads.org /home/gquann/eggdev1.6/src/mod/webseen.mod templates.c
2001.02.09 17:02 B f:\eggdrop\webseen.mod\mini_httpd.c --> broken.eggheads.org /home/gquann/eggdev1.6/src/mod/webseen.mod mini_httpd.c
2001.02.09 17:02 B f:\eggdrop\webseen.mod\webseen_templates.c --> broken.eggheads.org /home/gquann/eggdev1.6/src/mod/webseen.mod webseen_templates.c
2001.02.09 17:02 B f:\eggdrop\webseen.mod\templates.c --> broken.eggheads.org /home/gquann/eggdev1.6/src/mod/webseen.mod templates.c
2001.02.09 17:06 B f:\eggdrop\webseen.mod\templates.c --> broken.eggheads.org /home/gquann/eggdev1.6/src/mod/webseen.mod templates.c
2001.02.09 17:11 B f:\eggdrop\webseen.mod\templates.c --> broken.eggheads.org /home/gquann/eggdev1.6/src/mod/webseen.mod templates.c
2001.02.09 17:13 B f:\eggdrop\webseen.mod\templates.c --> broken.eggheads.org /home/gquann/eggdev1.6/src/mod/webseen.mod templates.c
2001.02.09 17:15 B f:\eggdrop\webseen.mod\templates.c --> broken.eggheads.org /home/gquann/eggdev1.6/src/mod/webseen.mod templates.c
2001.02.09 17:18 B f:\eggdrop\webseen.mod\templates.c --> broken.eggheads.org /home/gquann/eggdev1.6/src/mod/webseen.mod templates.c
2001.02.09 17:21 B f:\eggdrop\webseen.mod\templates.c --> broken.eggheads.org /home/gquann/eggdev1.6/src/mod/webseen.mod templates.c
2001.02.09 17:25 B f:\eggdrop\webseen.mod\templates.c --> broken.eggheads.org /home/gquann/eggdev1.6/src/mod/webseen.mod templates.c
2001.02.09 17:34 B f:\eggdrop\webseen.mod\templates.c --> broken.eggheads.org /home/gquann/eggdev1.6/src/mod/webseen.mod templates.c
2001.02.09 17:53 B f:\eggdrop\webseen.mod\templates.c --> broken.eggheads.org /home/gquann/eggdev1.6/src/mod/webseen.mod templates.c
2001.02.09 18:04 B f:\eggdrop\webseen.mod\templates.c --> broken.eggheads.org /home/gquann/eggdev1.6/src/mod/webseen.mod templates.c
2001.02.09 18:06 B f:\eggdrop\webseen.mod\templates.c --> broken.eggheads.org /home/gquann/eggdev1.6/src/mod/webseen.mod templates.c
2001.02.09 18:38 B f:\eggdrop\webseen.mod\mini_httpd.c --> broken.eggheads.org /home/gquann/eggdev1.6/src/mod/webseen.mod mini_httpd.c
2001.02.09 18:38 B f:\eggdrop\webseen.mod\templates.c --> broken.eggheads.org /home/gquann/eggdev1.6/src/mod/webseen.mod templates.c
2001.02.09 18:39 B f:\eggdrop\webseen.mod\mini_httpd.c --> broken.eggheads.org /home/gquann/eggdev1.6/src/mod/webseen.mod mini_httpd.c
2001.02.12 17:40 B f:\eggdrop\webseen.mod\templates.c --> broken.eggheads.org /home/gquann/eggdev1.6/src/mod/webseen.mod templates.c
2001.02.12 17:56 B f:\eggdrop\webseen.mod\templates.c --> broken.eggheads.org /home/gquann/eggdev1.6/src/mod/webseen.mod templates.c
2001.02.12 18:05 B f:\eggdrop\webseen.mod\templates.c --> broken.eggheads.org /home/gquann/eggdev1.6/src/mod/webseen.mod templates.c
2001.02.12 18:25 B f:\eggdrop\webseen.mod\templates.c --> broken.eggheads.org /home/gquann/eggdev1.6/src/mod/webseen.mod templates.c
2001.02.13 21:11 B f:\eggdrop\webseen.mod\webseen.c --> broken.eggheads.org /home/gquann/eggdev1.6/src/mod/webseen.mod webseen.c
2001.02.13 21:12 B f:\eggdrop\webseen.mod\http_processing.c --> broken.eggheads.org /home/gquann/eggdev1.6/src/mod/webseen.mod http_processing.c
2001.02.13 21:12 B f:\eggdrop\webseen.mod\templates.c --> broken.eggheads.org /home/gquann/eggdev1.6/src/mod/webseen.mod templates.c
2001.02.13 21:12 B f:\eggdrop\webseen.mod\mini_httpd.c --> broken.eggheads.org /home/gquann/eggdev1.6/src/mod/webseen.mod mini_httpd.c
2001.02.13 21:15 B f:\eggdrop\webseen.mod\mini_httpd.c --> broken.eggheads.org /home/gquann/eggdev1.6/src/mod/webseen.mod mini_httpd.c
2001.02.13 21:18 B f:\eggdrop\webseen.mod\http_processing.c --> broken.eggheads.org /home/gquann/eggdev1.6/src/mod/webseen.mod http_processing.c
2001.02.13 21:18 B f:\eggdrop\webseen.mod\templates.c --> broken.eggheads.org /home/gquann/eggdev1.6/src/mod/webseen.mod templates.c
2001.02.13 21:24 B f:\eggdrop\webseen.mod\http_processing.c --> broken.eggheads.org /home/gquann/eggdev1.6/src/mod/webseen.mod http_processing.c
2001.02.13 21:25 B f:\eggdrop\webseen.mod\http_processing.c --> broken.eggheads.org /home/gquann/eggdev1.6/src/mod/webseen.mod http_processing.c
2001.02.13 21:29 B f:\eggdrop\webseen.mod\templates.c --> broken.eggheads.org /home/gquann/eggdev1.6/src/mod/webseen.mod templates.c
2001.02.13 21:34 B f:\eggdrop\webseen.mod\mini_httpd.c --> broken.eggheads.org /home/gquann/eggdev1.6/src/mod/webseen.mod mini_httpd.c
2001.02.13 21:34 B f:\eggdrop\webseen.mod\http_processing.c --> broken.eggheads.org /home/gquann/eggdev1.6/src/mod/webseen.mod http_processing.c
2001.02.13 22:15 B f:\eggdrop\webseen.mod\webseen.c --> broken.eggheads.org /home/gquann/eggdev1.6/src/mod/webseen.mod webseen.c
2001.02.13 22:34 B f:\eggdrop\webseen.mod\mini_httpd.c --> broken.eggheads.org /home/gquann/eggdev1.6/src/mod/webseen.mod mini_httpd.c
2001.02.13 22:36 B f:\eggdrop\webseen.mod\mini_httpd.c --> broken.eggheads.org /home/gquann/eggdev1.6/src/mod/webseen.mod mini_httpd.c
2001.02.15 20:52 B f:\eggdrop\webseen.mod\templates.c --> broken.eggheads.org /home/gquann/eggdev1.6/src/mod/webseen.mod templates.c
2001.02.15 20:52 B f:\eggdrop\webseen.mod\webseen.c --> broken.eggheads.org /home/gquann/eggdev1.6/src/mod/webseen.mod webseen.c
2001.02.15 20:52 B f:\eggdrop\webseen.mod\webseen_templates.c --> broken.eggheads.org /home/gquann/eggdev1.6/src/mod/webseen.mod webseen_templates.c
2001.02.15 20:52 B f:\eggdrop\webseen.mod\webseen.h --> broken.eggheads.org /home/gquann/eggdev1.6/src/mod/webseen.mod webseen.h
2001.02.15 20:52 B f:\eggdrop\webseen.mod\http_processing.c --> broken.eggheads.org /home/gquann/eggdev1.6/src/mod/webseen.mod http_processing.c
2001.02.15 20:52 B f:\eggdrop\webseen.mod\mini_httpd.c --> broken.eggheads.org /home/gquann/eggdev1.6/src/mod/webseen.mod mini_httpd.c
2001.02.15 20:52 B f:\eggdrop\webseen.mod\webseen.conf --> broken.eggheads.org /home/gquann/eggdev1.6/src/mod/webseen.mod webseen.conf
2001.02.15 20:52 B f:\eggdrop\webseen.mod\webseen.ger.lang --> broken.eggheads.org /home/gquann/eggdev1.6/src/mod/webseen.mod webseen.ger.lang
2001.02.15 20:54 B f:\eggdrop\webseen.mod\webseen.c --> broken.eggheads.org /home/gquann/eggdev1.6/src/mod/webseen.mod webseen.c
2001.02.15 21:26 B f:\eggdrop\webseen.mod\webseen.c --> broken.eggheads.org /home/gquann/eggdev1.6/src/mod/webseen.mod webseen.c
2001.02.15 21:27 B f:\eggdrop\webseen.mod\webseen.conf --> broken.eggheads.org /home/gquann/eggdrop webseen.conf
2001.02.15 21:28 B f:\eggdrop\webseen.mod\webseen.ger.lang --> broken.eggheads.org /home/gquann/eggdrop/language webseen.ger.lang
2001.02.15 22:39 B f:\eggdrop\webseen.mod\http_processing.c --> broken.eggheads.org /home/gquann/eggdev1.6/src/mod/webseen.mod http_processing.c
2001.02.15 22:39 B f:\eggdrop\webseen.mod\Makefile --> broken.eggheads.org /home/gquann/eggdev1.6/src/mod/webseen.mod Makefile
2001.02.15 22:39 B f:\eggdrop\webseen.mod\mini_httpd.c --> broken.eggheads.org /home/gquann/eggdev1.6/src/mod/webseen.mod mini_httpd.c
2001.02.15 22:39 B f:\eggdrop\webseen.mod\templates.c --> broken.eggheads.org /home/gquann/eggdev1.6/src/mod/webseen.mod templates.c
2001.02.15 22:39 B f:\eggdrop\webseen.mod\webseen.c --> broken.eggheads.org /home/gquann/eggdev1.6/src/mod/webseen.mod webseen.c
2001.02.15 22:39 B f:\eggdrop\webseen.mod\webseen.conf --> broken.eggheads.org /home/gquann/eggdev1.6/src/mod/webseen.mod webseen.conf
2001.02.15 22:39 B f:\eggdrop\webseen.mod\webseen.ger.lang --> broken.eggheads.org /home/gquann/eggdev1.6/src/mod/webseen.mod webseen.ger.lang
2001.02.15 22:40 B f:\eggdrop\webseen.mod\webseen.h --> broken.eggheads.org /home/gquann/eggdev1.6/src/mod/webseen.mod webseen.h
2001.02.15 22:40 B f:\eggdrop\webseen.mod\webseen.lang --> broken.eggheads.org /home/gquann/eggdev1.6/src/mod/webseen.mod webseen.lang
2001.02.15 22:40 B f:\eggdrop\webseen.mod\webseen_templates.c --> broken.eggheads.org /home/gquann/eggdev1.6/src/mod/webseen.mod webseen_templates.c
2001.02.15 22:40 B f:\eggdrop\webseen.mod\WS_FTP.LOG --> broken.eggheads.org /home/gquann/eggdev1.6/src/mod/webseen.mod WS_FTP.LOG
2001.02.15 22:40 B f:\eggdrop\webseen.mod\wstcl.c --> broken.eggheads.org /home/gquann/eggdev1.6/src/mod/webseen.mod wstcl.c
