2001.02.07 18:01 B f:\eggdrop\webseen.mod\templates\webseen\default\ger\error.tpl --> broken.eggheads.org /home/gquann/eggdrop/templates/webseen/default/ger error.tpl
2001.02.07 18:01 B f:\eggdrop\webseen.mod\templates\webseen\default\ger\footer.tpl --> broken.eggheads.org /home/gquann/eggdrop/templates/webseen/default/ger footer.tpl
2001.02.07 18:01 B f:\eggdrop\webseen.mod\templates\webseen\default\ger\header.tpl --> broken.eggheads.org /home/gquann/eggdrop/templates/webseen/default/ger header.tpl
2001.02.07 18:01 B f:\eggdrop\webseen.mod\templates\webseen\default\ger\javascript.tpl --> broken.eggheads.org /home/gquann/eggdrop/templates/webseen/default/ger javascript.tpl
2001.02.07 18:01 B f:\eggdrop\webseen.mod\templates\webseen\default\ger\noresult.tpl --> broken.eggheads.org /home/gquann/eggdrop/templates/webseen/default/ger noresult.tpl
2001.02.07 18:01 B f:\eggdrop\webseen.mod\templates\webseen\default\ger\results.tpl --> broken.eggheads.org /home/gquann/eggdrop/templates/webseen/default/ger results.tpl
2001.02.07 18:01 B f:\eggdrop\webseen.mod\templates\webseen\default\ger\root.tpl --> broken.eggheads.org /home/gquann/eggdrop/templates/webseen/default/ger root.tpl
2001.02.07 18:01 B f:\eggdrop\webseen.mod\templates\webseen\default\ger\searchagain.tpl --> broken.eggheads.org /home/gquann/eggdrop/templates/webseen/default/ger searchagain.tpl
2001.02.07 18:01 B f:\eggdrop\webseen.mod\templates\webseen\default\ger\seenform.tpl --> broken.eggheads.org /home/gquann/eggdrop/templates/webseen/default/ger seenform.tpl
2001.02.12 18:35 B f:\eggdrop\webseen.mod\templates\webseen\default\ger\seenform.tpl --> broken.eggheads.org /home/gquann/eggdrop/templates/webseen/default/ger seenform.tpl
2001.02.12 18:46 B f:\eggdrop\webseen.mod\templates\webseen\default\ger\seenform.tpl --> broken.eggheads.org /home/gquann/eggdrop/templates/webseen/default/ger seenform.tpl
2001.02.15 21:30 B f:\eggdrop\webseen.mod\templates\webseen\default\ger\404.tpl --> broken.eggheads.org /home/gquann/eggdrop/templates/webseen/default/ger 404.tpl
2001.02.15 22:37 B f:\eggdrop\webseen.mod\templates\webseen\default\ger\404.tpl --> broken.eggheads.org /home/gquann/eggdev1.6/src/mod/webseen.mod/templates/webseen/default/ger 404.tpl
2001.02.15 22:37 B f:\eggdrop\webseen.mod\templates\webseen\default\ger\error.tpl --> broken.eggheads.org /home/gquann/eggdev1.6/src/mod/webseen.mod/templates/webseen/default/ger error.tpl
2001.02.15 22:37 B f:\eggdrop\webseen.mod\templates\webseen\default\ger\footer.tpl --> broken.eggheads.org /home/gquann/eggdev1.6/src/mod/webseen.mod/templates/webseen/default/ger footer.tpl
2001.02.15 22:37 B f:\eggdrop\webseen.mod\templates\webseen\default\ger\header.tpl --> broken.eggheads.org /home/gquann/eggdev1.6/src/mod/webseen.mod/templates/webseen/default/ger header.tpl
2001.02.15 22:37 B f:\eggdrop\webseen.mod\templates\webseen\default\ger\javascript.tpl --> broken.eggheads.org /home/gquann/eggdev1.6/src/mod/webseen.mod/templates/webseen/default/ger javascript.tpl
2001.02.15 22:37 B f:\eggdrop\webseen.mod\templates\webseen\default\ger\noresult.tpl --> broken.eggheads.org /home/gquann/eggdev1.6/src/mod/webseen.mod/templates/webseen/default/ger noresult.tpl
2001.02.15 22:37 B f:\eggdrop\webseen.mod\templates\webseen\default\ger\results.tpl --> broken.eggheads.org /home/gquann/eggdev1.6/src/mod/webseen.mod/templates/webseen/default/ger results.tpl
2001.02.15 22:37 B f:\eggdrop\webseen.mod\templates\webseen\default\ger\root.tpl --> broken.eggheads.org /home/gquann/eggdev1.6/src/mod/webseen.mod/templates/webseen/default/ger root.tpl
2001.02.15 22:37 B f:\eggdrop\webseen.mod\templates\webseen\default\ger\searchagain.tpl --> broken.eggheads.org /home/gquann/eggdev1.6/src/mod/webseen.mod/templates/webseen/default/ger searchagain.tpl
2001.02.15 22:37 B f:\eggdrop\webseen.mod\templates\webseen\default\ger\seenform.tpl --> broken.eggheads.org /home/gquann/eggdev1.6/src/mod/webseen.mod/templates/webseen/default/ger seenform.tpl
2001.02.15 22:37 B f:\eggdrop\webseen.mod\templates\webseen\default\ger\WS_FTP.LOG --> broken.eggheads.org /home/gquann/eggdev1.6/src/mod/webseen.mod/templates/webseen/default/ger WS_FTP.LOG
2001.02.20 17:47 B f:\eggdrop\webseen.mod\templates\webseen\default\ger\WS_FTP.LOG --> broken.eggheads.org /home/gquann/eggdrop/templates/webseen/default/ger WS_FTP.LOG
2001.02.20 17:47 B f:\eggdrop\webseen.mod\templates\webseen\default\ger\404.tpl --> broken.eggheads.org /home/gquann/eggdrop/templates/webseen/default/ger 404.tpl
2001.02.20 17:47 B f:\eggdrop\webseen.mod\templates\webseen\default\ger\seenform.tpl --> broken.eggheads.org /home/gquann/eggdrop/templates/webseen/default/ger seenform.tpl
2001.02.20 17:47 B f:\eggdrop\webseen.mod\templates\webseen\default\ger\root.tpl --> broken.eggheads.org /home/gquann/eggdrop/templates/webseen/default/ger root.tpl
2001.02.20 17:47 B f:\eggdrop\webseen.mod\templates\webseen\default\ger\results.tpl --> broken.eggheads.org /home/gquann/eggdrop/templates/webseen/default/ger results.tpl
2001.02.20 17:47 B f:\eggdrop\webseen.mod\templates\webseen\default\ger\noresult.tpl --> broken.eggheads.org /home/gquann/eggdrop/templates/webseen/default/ger noresult.tpl
2001.02.20 17:47 B f:\eggdrop\webseen.mod\templates\webseen\default\ger\error.tpl --> broken.eggheads.org /home/gquann/eggdrop/templates/webseen/default/ger error.tpl
2001.02.20 17:47 B f:\eggdrop\webseen.mod\templates\webseen\default\ger\javascript.tpl --> broken.eggheads.org /home/gquann/eggdrop/templates/webseen/default/ger javascript.tpl
2001.02.20 17:47 B f:\eggdrop\webseen.mod\templates\webseen\default\ger\header.tpl --> broken.eggheads.org /home/gquann/eggdrop/templates/webseen/default/ger header.tpl
2001.02.20 17:47 B f:\eggdrop\webseen.mod\templates\webseen\default\ger\searchagain.tpl --> broken.eggheads.org /home/gquann/eggdrop/templates/webseen/default/ger searchagain.tpl
2001.02.20 17:47 B f:\eggdrop\webseen.mod\templates\webseen\default\ger\footer.tpl --> broken.eggheads.org /home/gquann/eggdrop/templates/webseen/default/ger footer.tpl
2001.02.20 17:54 B f:\eggdrop\webseen.mod\templates\webseen\default\ger\404.tpl --> broken.eggheads.org /home/gquann/eggdrop/templates/webseen/default/ger 404.tpl
2001.02.20 17:54 B f:\eggdrop\webseen.mod\templates\webseen\default\ger\error.tpl --> broken.eggheads.org /home/gquann/eggdrop/templates/webseen/default/ger error.tpl
2001.02.20 17:54 B f:\eggdrop\webseen.mod\templates\webseen\default\ger\footer.tpl --> broken.eggheads.org /home/gquann/eggdrop/templates/webseen/default/ger footer.tpl
2001.02.20 17:54 B f:\eggdrop\webseen.mod\templates\webseen\default\ger\header.tpl --> broken.eggheads.org /home/gquann/eggdrop/templates/webseen/default/ger header.tpl
2001.02.20 17:54 B f:\eggdrop\webseen.mod\templates\webseen\default\ger\javascript.tpl --> broken.eggheads.org /home/gquann/eggdrop/templates/webseen/default/ger javascript.tpl
2001.02.20 17:54 B f:\eggdrop\webseen.mod\templates\webseen\default\ger\noresult.tpl --> broken.eggheads.org /home/gquann/eggdrop/templates/webseen/default/ger noresult.tpl
2001.02.20 17:54 B f:\eggdrop\webseen.mod\templates\webseen\default\ger\results.tpl --> broken.eggheads.org /home/gquann/eggdrop/templates/webseen/default/ger results.tpl
2001.02.20 17:54 B f:\eggdrop\webseen.mod\templates\webseen\default\ger\root.tpl --> broken.eggheads.org /home/gquann/eggdrop/templates/webseen/default/ger root.tpl
2001.02.20 17:54 B f:\eggdrop\webseen.mod\templates\webseen\default\ger\searchagain.tpl --> broken.eggheads.org /home/gquann/eggdrop/templates/webseen/default/ger searchagain.tpl
2001.02.20 17:54 B f:\eggdrop\webseen.mod\templates\webseen\default\ger\seenform.tpl --> broken.eggheads.org /home/gquann/eggdrop/templates/webseen/default/ger seenform.tpl
2001.02.20 17:54 B f:\eggdrop\webseen.mod\templates\webseen\default\ger\WS_FTP.LOG --> broken.eggheads.org /home/gquann/eggdrop/templates/webseen/default/ger WS_FTP.LOG
