2001.02.07 18:01 B f:\eggdrop\webseen.mod\templates\webseen\default\default\error.tpl --> broken.eggheads.org /home/gquann/eggdrop/templates/webseen/default/default error.tpl
2001.02.07 18:01 B f:\eggdrop\webseen.mod\templates\webseen\default\default\footer.tpl --> broken.eggheads.org /home/gquann/eggdrop/templates/webseen/default/default footer.tpl
2001.02.07 18:01 B f:\eggdrop\webseen.mod\templates\webseen\default\default\header.tpl --> broken.eggheads.org /home/gquann/eggdrop/templates/webseen/default/default header.tpl
2001.02.07 18:01 B f:\eggdrop\webseen.mod\templates\webseen\default\default\javascript.tpl --> broken.eggheads.org /home/gquann/eggdrop/templates/webseen/default/default javascript.tpl
2001.02.07 18:01 B f:\eggdrop\webseen.mod\templates\webseen\default\default\noresult.tpl --> broken.eggheads.org /home/gquann/eggdrop/templates/webseen/default/default noresult.tpl
2001.02.07 18:01 B f:\eggdrop\webseen.mod\templates\webseen\default\default\results.tpl --> broken.eggheads.org /home/gquann/eggdrop/templates/webseen/default/default results.tpl
2001.02.07 18:01 B f:\eggdrop\webseen.mod\templates\webseen\default\default\root.tpl --> broken.eggheads.org /home/gquann/eggdrop/templates/webseen/default/default root.tpl
2001.02.07 18:01 B f:\eggdrop\webseen.mod\templates\webseen\default\default\searchagain.tpl --> broken.eggheads.org /home/gquann/eggdrop/templates/webseen/default/default searchagain.tpl
2001.02.07 18:01 B f:\eggdrop\webseen.mod\templates\webseen\default\default\seenform.tpl --> broken.eggheads.org /home/gquann/eggdrop/templates/webseen/default/default seenform.tpl
2001.02.08 17:54 B f:\eggdrop\webseen.mod\templates\webseen\default\default\seenform.tpl --> broken.eggheads.org /home/gquann/eggdrop/templates/webseen/default/default seenform.tpl
2001.02.08 17:57 B f:\eggdrop\webseen.mod\templates\webseen\default\default\seenform.tpl --> broken.eggheads.org /home/gquann/eggdrop/templates/webseen/default/default seenform.tpl
2001.02.08 18:01 B f:\eggdrop\webseen.mod\templates\webseen\default\default\seenform.tpl --> broken.eggheads.org /home/gquann/eggdrop/templates/webseen/default/default seenform.tpl
2001.02.08 20:54 B f:\eggdrop\webseen.mod\templates\webseen\default\default\seenform.tpl --> broken.eggheads.org /home/gquann/eggdrop/templates/webseen/default/default seenform.tpl
2001.02.08 20:55 B f:\eggdrop\webseen.mod\templates\webseen\default\default\seenform.tpl --> broken.eggheads.org /home/gquann/eggdrop/templates/webseen/default/default seenform.tpl
2001.02.08 20:55 B f:\eggdrop\webseen.mod\templates\webseen\default\default\seenform.tpl --> broken.eggheads.org /home/gquann/eggdrop/templates/webseen/default/default seenform.tpl
2001.02.08 20:56 B f:\eggdrop\webseen.mod\templates\webseen\default\default\seenform.tpl --> broken.eggheads.org /home/gquann/eggdrop/templates/webseen/default/default seenform.tpl
2001.02.08 20:58 B f:\eggdrop\webseen.mod\templates\webseen\default\default\seenform.tpl --> broken.eggheads.org /home/gquann/eggdrop/templates/webseen/default/default seenform.tpl
2001.02.08 21:02 B f:\eggdrop\webseen.mod\templates\webseen\default\default\results.tpl --> broken.eggheads.org /home/gquann/eggdrop/templates/webseen/default/default results.tpl
2001.02.08 21:09 B f:\eggdrop\webseen.mod\templates\webseen\default\default\seenform.tpl --> broken.eggheads.org /home/gquann/eggdrop/templates/webseen/default/default seenform.tpl
2001.02.08 21:09 B f:\eggdrop\webseen.mod\templates\webseen\default\default\results.tpl --> broken.eggheads.org /home/gquann/eggdrop/templates/webseen/default/default results.tpl
2001.02.12 18:29 B f:\eggdrop\webseen.mod\templates\webseen\default\default\seenform.tpl --> broken.eggheads.org /home/gquann/eggdrop/templates/webseen/default/default seenform.tpl
2001.02.12 18:31 B f:\eggdrop\webseen.mod\templates\webseen\default\default\seenform.tpl --> broken.eggheads.org /home/gquann/eggdrop/templates/webseen/default/default seenform.tpl
2001.02.12 18:35 B f:\eggdrop\webseen.mod\templates\webseen\default\default\seenform.tpl --> broken.eggheads.org /home/gquann/eggdrop/templates/webseen/default/default seenform.tpl
2001.02.12 18:45 B f:\eggdrop\webseen.mod\templates\webseen\default\default\seenform.tpl --> broken.eggheads.org /home/gquann/eggdrop/templates/webseen/default/default seenform.tpl
2001.02.15 21:29 B f:\eggdrop\webseen.mod\templates\webseen\default\default\404.tpl --> broken.eggheads.org /home/gquann/eggdrop/templates/webseen/default/default 404.tpl
2001.02.15 22:36 B f:\eggdrop\webseen.mod\templates\webseen\default\default\404.tpl --> broken.eggheads.org /home/gquann/eggdev1.6/src/mod/webseen.mod/templates/webseen/default/default 404.tpl
2001.02.15 22:36 B f:\eggdrop\webseen.mod\templates\webseen\default\default\error.tpl --> broken.eggheads.org /home/gquann/eggdev1.6/src/mod/webseen.mod/templates/webseen/default/default error.tpl
2001.02.15 22:36 B f:\eggdrop\webseen.mod\templates\webseen\default\default\footer.tpl --> broken.eggheads.org /home/gquann/eggdev1.6/src/mod/webseen.mod/templates/webseen/default/default footer.tpl
2001.02.15 22:36 B f:\eggdrop\webseen.mod\templates\webseen\default\default\header.tpl --> broken.eggheads.org /home/gquann/eggdev1.6/src/mod/webseen.mod/templates/webseen/default/default header.tpl
2001.02.15 22:36 B f:\eggdrop\webseen.mod\templates\webseen\default\default\javascript.tpl --> broken.eggheads.org /home/gquann/eggdev1.6/src/mod/webseen.mod/templates/webseen/default/default javascript.tpl
2001.02.15 22:36 B f:\eggdrop\webseen.mod\templates\webseen\default\default\noresult.tpl --> broken.eggheads.org /home/gquann/eggdev1.6/src/mod/webseen.mod/templates/webseen/default/default noresult.tpl
2001.02.15 22:36 B f:\eggdrop\webseen.mod\templates\webseen\default\default\results.tpl --> broken.eggheads.org /home/gquann/eggdev1.6/src/mod/webseen.mod/templates/webseen/default/default results.tpl
2001.02.15 22:36 B f:\eggdrop\webseen.mod\templates\webseen\default\default\root.tpl --> broken.eggheads.org /home/gquann/eggdev1.6/src/mod/webseen.mod/templates/webseen/default/default root.tpl
2001.02.15 22:36 B f:\eggdrop\webseen.mod\templates\webseen\default\default\searchagain.tpl --> broken.eggheads.org /home/gquann/eggdev1.6/src/mod/webseen.mod/templates/webseen/default/default searchagain.tpl
2001.02.15 22:36 B f:\eggdrop\webseen.mod\templates\webseen\default\default\seenform.tpl --> broken.eggheads.org /home/gquann/eggdev1.6/src/mod/webseen.mod/templates/webseen/default/default seenform.tpl
2001.02.15 22:36 B f:\eggdrop\webseen.mod\templates\webseen\default\default\WS_FTP.LOG --> broken.eggheads.org /home/gquann/eggdev1.6/src/mod/webseen.mod/templates/webseen/default/default WS_FTP.LOG
2001.02.20 17:47 B f:\eggdrop\webseen.mod\templates\webseen\default\eng\searchagain.tpl --> broken.eggheads.org /home/gquann/eggdrop/templates/webseen/default/eng searchagain.tpl
2001.02.20 17:47 B f:\eggdrop\webseen.mod\templates\webseen\default\eng\WS_FTP.LOG --> broken.eggheads.org /home/gquann/eggdrop/templates/webseen/default/eng WS_FTP.LOG
2001.02.20 17:47 B f:\eggdrop\webseen.mod\templates\webseen\default\eng\404.tpl --> broken.eggheads.org /home/gquann/eggdrop/templates/webseen/default/eng 404.tpl
2001.02.20 17:48 B f:\eggdrop\webseen.mod\templates\webseen\default\eng\seenform.tpl --> broken.eggheads.org /home/gquann/eggdrop/templates/webseen/default/eng seenform.tpl
2001.02.20 17:48 B f:\eggdrop\webseen.mod\templates\webseen\default\eng\results.tpl --> broken.eggheads.org /home/gquann/eggdrop/templates/webseen/default/eng results.tpl
2001.02.20 17:48 B f:\eggdrop\webseen.mod\templates\webseen\default\eng\root.tpl --> broken.eggheads.org /home/gquann/eggdrop/templates/webseen/default/eng root.tpl
2001.02.20 17:48 B f:\eggdrop\webseen.mod\templates\webseen\default\eng\noresult.tpl --> broken.eggheads.org /home/gquann/eggdrop/templates/webseen/default/eng noresult.tpl
2001.02.20 17:48 B f:\eggdrop\webseen.mod\templates\webseen\default\eng\error.tpl --> broken.eggheads.org /home/gquann/eggdrop/templates/webseen/default/eng error.tpl
2001.02.20 17:48 B f:\eggdrop\webseen.mod\templates\webseen\default\eng\javascript.tpl --> broken.eggheads.org /home/gquann/eggdrop/templates/webseen/default/eng javascript.tpl
2001.02.20 17:48 B f:\eggdrop\webseen.mod\templates\webseen\default\eng\footer.tpl --> broken.eggheads.org /home/gquann/eggdrop/templates/webseen/default/eng footer.tpl
2001.02.20 17:48 B f:\eggdrop\webseen.mod\templates\webseen\default\eng\header.tpl --> broken.eggheads.org /home/gquann/eggdrop/templates/webseen/default/eng header.tpl
2001.02.20 17:54 B f:\eggdrop\webseen.mod\templates\webseen\default\eng\404.tpl --> broken.eggheads.org /home/gquann/eggdrop/templates/webseen/default/eng 404.tpl
2001.02.20 17:54 B f:\eggdrop\webseen.mod\templates\webseen\default\eng\error.tpl --> broken.eggheads.org /home/gquann/eggdrop/templates/webseen/default/eng error.tpl
2001.02.20 17:54 B f:\eggdrop\webseen.mod\templates\webseen\default\eng\footer.tpl --> broken.eggheads.org /home/gquann/eggdrop/templates/webseen/default/eng footer.tpl
2001.02.20 17:54 B f:\eggdrop\webseen.mod\templates\webseen\default\eng\header.tpl --> broken.eggheads.org /home/gquann/eggdrop/templates/webseen/default/eng header.tpl
2001.02.20 17:54 B f:\eggdrop\webseen.mod\templates\webseen\default\eng\javascript.tpl --> broken.eggheads.org /home/gquann/eggdrop/templates/webseen/default/eng javascript.tpl
2001.02.20 17:54 B f:\eggdrop\webseen.mod\templates\webseen\default\eng\noresult.tpl --> broken.eggheads.org /home/gquann/eggdrop/templates/webseen/default/eng noresult.tpl
2001.02.20 17:54 B f:\eggdrop\webseen.mod\templates\webseen\default\eng\results.tpl --> broken.eggheads.org /home/gquann/eggdrop/templates/webseen/default/eng results.tpl
2001.02.20 17:54 B f:\eggdrop\webseen.mod\templates\webseen\default\eng\root.tpl --> broken.eggheads.org /home/gquann/eggdrop/templates/webseen/default/eng root.tpl
2001.02.20 17:54 B f:\eggdrop\webseen.mod\templates\webseen\default\eng\searchagain.tpl --> broken.eggheads.org /home/gquann/eggdrop/templates/webseen/default/eng searchagain.tpl
2001.02.20 17:54 B f:\eggdrop\webseen.mod\templates\webseen\default\eng\seenform.tpl --> broken.eggheads.org /home/gquann/eggdrop/templates/webseen/default/eng seenform.tpl
2001.02.20 17:54 B f:\eggdrop\webseen.mod\templates\webseen\default\eng\WS_FTP.LOG --> broken.eggheads.org /home/gquann/eggdrop/templates/webseen/default/eng WS_FTP.LOG
