2001.02.07 18:01 B f:\eggdrop\webseen.mod\templates\webseen\puristic\ger\error.tpl --> broken.eggheads.org /home/gquann/eggdrop/templates/webseen/puristic/ger error.tpl
2001.02.07 18:01 B f:\eggdrop\webseen.mod\templates\webseen\puristic\ger\javascript.tpl --> broken.eggheads.org /home/gquann/eggdrop/templates/webseen/puristic/ger javascript.tpl
2001.02.07 18:01 B f:\eggdrop\webseen.mod\templates\webseen\puristic\ger\noresult.tpl --> broken.eggheads.org /home/gquann/eggdrop/templates/webseen/puristic/ger noresult.tpl
2001.02.07 18:01 B f:\eggdrop\webseen.mod\templates\webseen\puristic\ger\results.tpl --> broken.eggheads.org /home/gquann/eggdrop/templates/webseen/puristic/ger results.tpl
2001.02.07 18:01 B f:\eggdrop\webseen.mod\templates\webseen\puristic\ger\root.tpl --> broken.eggheads.org /home/gquann/eggdrop/templates/webseen/puristic/ger root.tpl
2001.02.07 18:01 B f:\eggdrop\webseen.mod\templates\webseen\puristic\ger\searchagain.tpl --> broken.eggheads.org /home/gquann/eggdrop/templates/webseen/puristic/ger searchagain.tpl
2001.02.07 18:01 B f:\eggdrop\webseen.mod\templates\webseen\puristic\ger\seenform.tpl --> broken.eggheads.org /home/gquann/eggdrop/templates/webseen/puristic/ger seenform.tpl
2001.02.12 18:36 B f:\eggdrop\webseen.mod\templates\webseen\puristic\ger\seenform.tpl --> broken.eggheads.org /home/gquann/eggdrop/templates/webseen/puristic/ger seenform.tpl
2001.02.12 18:47 B f:\eggdrop\webseen.mod\templates\webseen\puristic\ger\seenform.tpl --> broken.eggheads.org /home/gquann/eggdrop/templates/webseen/puristic/ger seenform.tpl
2001.02.15 21:52 B f:\eggdrop\webseen.mod\templates\webseen\puristic\ger\404.tpl --> broken.eggheads.org /home/gquann/eggdrop/templates/webseen/puristic/ger 404.tpl
2001.02.15 22:38 B f:\eggdrop\webseen.mod\templates\webseen\puristic\ger\404.tpl --> broken.eggheads.org /home/gquann/eggdev1.6/src/mod/webseen.mod/templates/webseen/puristic/ger 404.tpl
2001.02.15 22:38 B f:\eggdrop\webseen.mod\templates\webseen\puristic\ger\error.tpl --> broken.eggheads.org /home/gquann/eggdev1.6/src/mod/webseen.mod/templates/webseen/puristic/ger error.tpl
2001.02.15 22:38 B f:\eggdrop\webseen.mod\templates\webseen\puristic\ger\javascript.tpl --> broken.eggheads.org /home/gquann/eggdev1.6/src/mod/webseen.mod/templates/webseen/puristic/ger javascript.tpl
2001.02.15 22:38 B f:\eggdrop\webseen.mod\templates\webseen\puristic\ger\noresult.tpl --> broken.eggheads.org /home/gquann/eggdev1.6/src/mod/webseen.mod/templates/webseen/puristic/ger noresult.tpl
2001.02.15 22:38 B f:\eggdrop\webseen.mod\templates\webseen\puristic\ger\results.tpl --> broken.eggheads.org /home/gquann/eggdev1.6/src/mod/webseen.mod/templates/webseen/puristic/ger results.tpl
2001.02.15 22:38 B f:\eggdrop\webseen.mod\templates\webseen\puristic\ger\root.tpl --> broken.eggheads.org /home/gquann/eggdev1.6/src/mod/webseen.mod/templates/webseen/puristic/ger root.tpl
2001.02.15 22:38 B f:\eggdrop\webseen.mod\templates\webseen\puristic\ger\searchagain.tpl --> broken.eggheads.org /home/gquann/eggdev1.6/src/mod/webseen.mod/templates/webseen/puristic/ger searchagain.tpl
2001.02.15 22:38 B f:\eggdrop\webseen.mod\templates\webseen\puristic\ger\seenform.tpl --> broken.eggheads.org /home/gquann/eggdev1.6/src/mod/webseen.mod/templates/webseen/puristic/ger seenform.tpl
2001.02.15 22:38 B f:\eggdrop\webseen.mod\templates\webseen\puristic\ger\WS_FTP.LOG --> broken.eggheads.org /home/gquann/eggdev1.6/src/mod/webseen.mod/templates/webseen/puristic/ger WS_FTP.LOG
2001.02.20 17:47 B f:\eggdrop\webseen.mod\templates\webseen\puristic\ger\WS_FTP.LOG --> broken.eggheads.org /home/gquann/eggdrop/templates/webseen/puristic/ger WS_FTP.LOG
2001.02.20 17:47 B f:\eggdrop\webseen.mod\templates\webseen\puristic\ger\404.tpl --> broken.eggheads.org /home/gquann/eggdrop/templates/webseen/puristic/ger 404.tpl
2001.02.20 17:47 B f:\eggdrop\webseen.mod\templates\webseen\puristic\ger\seenform.tpl --> broken.eggheads.org /home/gquann/eggdrop/templates/webseen/puristic/ger seenform.tpl
2001.02.20 17:47 B f:\eggdrop\webseen.mod\templates\webseen\puristic\ger\searchagain.tpl --> broken.eggheads.org /home/gquann/eggdrop/templates/webseen/puristic/ger searchagain.tpl
2001.02.20 17:47 B f:\eggdrop\webseen.mod\templates\webseen\puristic\ger\results.tpl --> broken.eggheads.org /home/gquann/eggdrop/templates/webseen/puristic/ger results.tpl
2001.02.20 17:47 B f:\eggdrop\webseen.mod\templates\webseen\puristic\ger\noresult.tpl --> broken.eggheads.org /home/gquann/eggdrop/templates/webseen/puristic/ger noresult.tpl
2001.02.20 17:47 B f:\eggdrop\webseen.mod\templates\webseen\puristic\ger\error.tpl --> broken.eggheads.org /home/gquann/eggdrop/templates/webseen/puristic/ger error.tpl
2001.02.20 17:47 B f:\eggdrop\webseen.mod\templates\webseen\puristic\ger\root.tpl --> broken.eggheads.org /home/gquann/eggdrop/templates/webseen/puristic/ger root.tpl
2001.02.20 17:47 B f:\eggdrop\webseen.mod\templates\webseen\puristic\ger\javascript.tpl --> broken.eggheads.org /home/gquann/eggdrop/templates/webseen/puristic/ger javascript.tpl
2001.02.20 17:54 B f:\eggdrop\webseen.mod\templates\webseen\puristic\ger\404.tpl --> broken.eggheads.org /home/gquann/eggdrop/templates/webseen/puristic/ger 404.tpl
2001.02.20 17:54 B f:\eggdrop\webseen.mod\templates\webseen\puristic\ger\error.tpl --> broken.eggheads.org /home/gquann/eggdrop/templates/webseen/puristic/ger error.tpl
2001.02.20 17:54 B f:\eggdrop\webseen.mod\templates\webseen\puristic\ger\javascript.tpl --> broken.eggheads.org /home/gquann/eggdrop/templates/webseen/puristic/ger javascript.tpl
2001.02.20 17:54 B f:\eggdrop\webseen.mod\templates\webseen\puristic\ger\noresult.tpl --> broken.eggheads.org /home/gquann/eggdrop/templates/webseen/puristic/ger noresult.tpl
2001.02.20 17:54 B f:\eggdrop\webseen.mod\templates\webseen\puristic\ger\results.tpl --> broken.eggheads.org /home/gquann/eggdrop/templates/webseen/puristic/ger results.tpl
2001.02.20 17:54 B f:\eggdrop\webseen.mod\templates\webseen\puristic\ger\root.tpl --> broken.eggheads.org /home/gquann/eggdrop/templates/webseen/puristic/ger root.tpl
2001.02.20 17:55 B f:\eggdrop\webseen.mod\templates\webseen\puristic\ger\searchagain.tpl --> broken.eggheads.org /home/gquann/eggdrop/templates/webseen/puristic/ger searchagain.tpl
2001.02.20 17:55 B f:\eggdrop\webseen.mod\templates\webseen\puristic\ger\seenform.tpl --> broken.eggheads.org /home/gquann/eggdrop/templates/webseen/puristic/ger seenform.tpl
2001.02.20 17:55 B f:\eggdrop\webseen.mod\templates\webseen\puristic\ger\WS_FTP.LOG --> broken.eggheads.org /home/gquann/eggdrop/templates/webseen/puristic/ger WS_FTP.LOG
