2001.02.07 18:01 B f:\eggdrop\webseen.mod\templates\webseen\puristic\default\error.tpl --> broken.eggheads.org /home/gquann/eggdrop/templates/webseen/puristic/default error.tpl
2001.02.07 18:01 B f:\eggdrop\webseen.mod\templates\webseen\puristic\default\javascript.tpl --> broken.eggheads.org /home/gquann/eggdrop/templates/webseen/puristic/default javascript.tpl
2001.02.07 18:01 B f:\eggdrop\webseen.mod\templates\webseen\puristic\default\noresult.tpl --> broken.eggheads.org /home/gquann/eggdrop/templates/webseen/puristic/default noresult.tpl
2001.02.07 18:01 B f:\eggdrop\webseen.mod\templates\webseen\puristic\default\results.tpl --> broken.eggheads.org /home/gquann/eggdrop/templates/webseen/puristic/default results.tpl
2001.02.07 18:01 B f:\eggdrop\webseen.mod\templates\webseen\puristic\default\root.tpl --> broken.eggheads.org /home/gquann/eggdrop/templates/webseen/puristic/default root.tpl
2001.02.07 18:01 B f:\eggdrop\webseen.mod\templates\webseen\puristic\default\searchagain.tpl --> broken.eggheads.org /home/gquann/eggdrop/templates/webseen/puristic/default searchagain.tpl
2001.02.07 18:01 B f:\eggdrop\webseen.mod\templates\webseen\puristic\default\seenform.tpl --> broken.eggheads.org /home/gquann/eggdrop/templates/webseen/puristic/default seenform.tpl
2001.02.12 18:35 B f:\eggdrop\webseen.mod\templates\webseen\puristic\default\seenform.tpl --> broken.eggheads.org /home/gquann/eggdrop/templates/webseen/puristic/default seenform.tpl
2001.02.12 18:47 B f:\eggdrop\webseen.mod\templates\webseen\puristic\default\seenform.tpl --> broken.eggheads.org /home/gquann/eggdrop/templates/webseen/puristic/default seenform.tpl
2001.02.12 18:47 B f:\eggdrop\webseen.mod\templates\webseen\puristic\default\seenform.tpl --> broken.eggheads.org /home/gquann/eggdrop/templates/webseen/puristic/default seenform.tpl
2001.02.15 21:52 B f:\eggdrop\webseen.mod\templates\webseen\puristic\default\404.tpl --> broken.eggheads.org /home/gquann/eggdrop/templates/webseen/puristic/default 404.tpl
2001.02.15 22:37 B f:\eggdrop\webseen.mod\templates\webseen\puristic\default\404.tpl --> broken.eggheads.org /home/gquann/eggdev1.6/src/mod/webseen.mod/templates/webseen/puristic/default 404.tpl
2001.02.15 22:38 B f:\eggdrop\webseen.mod\templates\webseen\puristic\default\error.tpl --> broken.eggheads.org /home/gquann/eggdev1.6/src/mod/webseen.mod/templates/webseen/puristic/default error.tpl
2001.02.15 22:38 B f:\eggdrop\webseen.mod\templates\webseen\puristic\default\javascript.tpl --> broken.eggheads.org /home/gquann/eggdev1.6/src/mod/webseen.mod/templates/webseen/puristic/default javascript.tpl
2001.02.15 22:38 B f:\eggdrop\webseen.mod\templates\webseen\puristic\default\noresult.tpl --> broken.eggheads.org /home/gquann/eggdev1.6/src/mod/webseen.mod/templates/webseen/puristic/default noresult.tpl
2001.02.15 22:38 B f:\eggdrop\webseen.mod\templates\webseen\puristic\default\results.tpl --> broken.eggheads.org /home/gquann/eggdev1.6/src/mod/webseen.mod/templates/webseen/puristic/default results.tpl
2001.02.15 22:38 B f:\eggdrop\webseen.mod\templates\webseen\puristic\default\root.tpl --> broken.eggheads.org /home/gquann/eggdev1.6/src/mod/webseen.mod/templates/webseen/puristic/default root.tpl
2001.02.15 22:38 B f:\eggdrop\webseen.mod\templates\webseen\puristic\default\searchagain.tpl --> broken.eggheads.org /home/gquann/eggdev1.6/src/mod/webseen.mod/templates/webseen/puristic/default searchagain.tpl
2001.02.15 22:38 B f:\eggdrop\webseen.mod\templates\webseen\puristic\default\seenform.tpl --> broken.eggheads.org /home/gquann/eggdev1.6/src/mod/webseen.mod/templates/webseen/puristic/default seenform.tpl
2001.02.15 22:38 B f:\eggdrop\webseen.mod\templates\webseen\puristic\default\WS_FTP.LOG --> broken.eggheads.org /home/gquann/eggdev1.6/src/mod/webseen.mod/templates/webseen/puristic/default WS_FTP.LOG
2001.02.20 17:47 B f:\eggdrop\webseen.mod\templates\webseen\puristic\eng\WS_FTP.LOG --> broken.eggheads.org /home/gquann/eggdrop/templates/webseen/puristic/eng WS_FTP.LOG
2001.02.20 17:47 B f:\eggdrop\webseen.mod\templates\webseen\puristic\eng\404.tpl --> broken.eggheads.org /home/gquann/eggdrop/templates/webseen/puristic/eng 404.tpl
2001.02.20 17:47 B f:\eggdrop\webseen.mod\templates\webseen\puristic\eng\seenform.tpl --> broken.eggheads.org /home/gquann/eggdrop/templates/webseen/puristic/eng seenform.tpl
2001.02.20 17:47 B f:\eggdrop\webseen.mod\templates\webseen\puristic\eng\searchagain.tpl --> broken.eggheads.org /home/gquann/eggdrop/templates/webseen/puristic/eng searchagain.tpl
2001.02.20 17:47 B f:\eggdrop\webseen.mod\templates\webseen\puristic\eng\root.tpl --> broken.eggheads.org /home/gquann/eggdrop/templates/webseen/puristic/eng root.tpl
2001.02.20 17:47 B f:\eggdrop\webseen.mod\templates\webseen\puristic\eng\results.tpl --> broken.eggheads.org /home/gquann/eggdrop/templates/webseen/puristic/eng results.tpl
2001.02.20 17:47 B f:\eggdrop\webseen.mod\templates\webseen\puristic\eng\noresult.tpl --> broken.eggheads.org /home/gquann/eggdrop/templates/webseen/puristic/eng noresult.tpl
2001.02.20 17:47 B f:\eggdrop\webseen.mod\templates\webseen\puristic\eng\error.tpl --> broken.eggheads.org /home/gquann/eggdrop/templates/webseen/puristic/eng error.tpl
2001.02.20 17:47 B f:\eggdrop\webseen.mod\templates\webseen\puristic\eng\javascript.tpl --> broken.eggheads.org /home/gquann/eggdrop/templates/webseen/puristic/eng javascript.tpl
2001.02.20 17:54 B f:\eggdrop\webseen.mod\templates\webseen\puristic\eng\404.tpl --> broken.eggheads.org /home/gquann/eggdrop/templates/webseen/puristic/eng 404.tpl
2001.02.20 17:54 B f:\eggdrop\webseen.mod\templates\webseen\puristic\eng\error.tpl --> broken.eggheads.org /home/gquann/eggdrop/templates/webseen/puristic/eng error.tpl
2001.02.20 17:54 B f:\eggdrop\webseen.mod\templates\webseen\puristic\eng\javascript.tpl --> broken.eggheads.org /home/gquann/eggdrop/templates/webseen/puristic/eng javascript.tpl
2001.02.20 17:54 B f:\eggdrop\webseen.mod\templates\webseen\puristic\eng\noresult.tpl --> broken.eggheads.org /home/gquann/eggdrop/templates/webseen/puristic/eng noresult.tpl
2001.02.20 17:54 B f:\eggdrop\webseen.mod\templates\webseen\puristic\eng\results.tpl --> broken.eggheads.org /home/gquann/eggdrop/templates/webseen/puristic/eng results.tpl
2001.02.20 17:54 B f:\eggdrop\webseen.mod\templates\webseen\puristic\eng\root.tpl --> broken.eggheads.org /home/gquann/eggdrop/templates/webseen/puristic/eng root.tpl
2001.02.20 17:54 B f:\eggdrop\webseen.mod\templates\webseen\puristic\eng\searchagain.tpl --> broken.eggheads.org /home/gquann/eggdrop/templates/webseen/puristic/eng searchagain.tpl
2001.02.20 17:54 B f:\eggdrop\webseen.mod\templates\webseen\puristic\eng\seenform.tpl --> broken.eggheads.org /home/gquann/eggdrop/templates/webseen/puristic/eng seenform.tpl
2001.02.20 17:54 B f:\eggdrop\webseen.mod\templates\webseen\puristic\eng\WS_FTP.LOG --> broken.eggheads.org /home/gquann/eggdrop/templates/webseen/puristic/eng WS_FTP.LOG
